#
# A fatal error has been detected by the Java Runtime Environment:
#
#  Internal Error (javaClasses.cpp:139), pid=16199, tid=140069475964672
#  fatal error: Invalid layout of preloaded class
#
# JRE version:  (7.0_75-b13) (build )
# Java VM: OpenJDK 64-Bit Server VM (24.75-b04 mixed mode linux-amd64 compressed oops)
# Derivative: IcedTea 2.5.4
# Distribution: Ubuntu 14.04 LTS, package 7u75-2.5.4-1~trusty1
# Failed to write core dump. Core dumps have been disabled. To enable core dumping, try "ulimit -c unlimited" before starting Java again
#
# If you would like to submit a bug report, please include
# instructions on how to reproduce the bug and visit:
#   http://icedtea.classpath.org/bugzilla
#

---------------  T H R E A D  ---------------

Current thread (0x00007f647000a000):  JavaThread "Unknown thread" [_thread_in_vm, id=16204, stack(0x00007f64774bd000,0x00007f64775be000)]

Stack: [0x00007f64774bd000,0x00007f64775be000],  sp=0x00007f64775bc900,  free space=1022k
Native frames: (J=compiled Java code, j=interpreted, Vv=VM code, C=native code)
V  [libjvm.so+0x94a9d5]  VMError::report_and_die()+0x175
V  [libjvm.so+0x48b8c4]  report_fatal(char const*, int, char const*)+0x54
V  [libjvm.so+0x5e8c60]  compute_offset(int&, klassOopDesc*, Symbol*, Symbol*, bool) [clone .constprop.120]+0xc0
V  [libjvm.so+0x5e8d36]  java_lang_String::compute_offsets()+0x36
V  [libjvm.so+0x8cf47c]  SystemDictionary::initialize_preloaded_classes(Thread*)+0xcc
V  [libjvm.so+0x91ad28]  Universe::genesis(Thread*)+0x468
V  [libjvm.so+0x91b334]  universe2_init()+0x24
V  [libjvm.so+0x59d21a]  init_globals()+0x9a
V  [libjvm.so+0x8fe15f]  Threads::create_vm(JavaVMInitArgs*, bool*)+0x35f
V  [libjvm.so+0x608554]  JNI_CreateJavaVM+0x54
C  [libjli.so+0x2b48]


---------------  P R O C E S S  ---------------

Java Threads: ( => current thread )

Other Threads:

=>0x00007f647000a000 (exited) JavaThread "Unknown thread" [_thread_in_vm, id=16204, stack(0x00007f64774bd000,0x00007f64775be000)]

VM state:not at safepoint (not fully initialized)

VM Mutex/Monitor currently owned by a thread: None

GC Heap History (0 events):
No events

Deoptimization events (0 events):
No events

Internal exceptions (0 events):
No events

Events (10 events):
Event: 0.013 loading class 0x00007f647402f710 done
Event: 0.013 loading class 0x00007f647402f110 done
Event: 0.013 loading class 0x00007f647402f0f0
Event: 0.013 loading class 0x00007f64740371e0
Event: 0.013 loading class 0x00007f64740371e0 done
Event: 0.013 loading class 0x00007f6474037210
Event: 0.013 loading class 0x00007f6474037210 done
Event: 0.013 loading class 0x00007f6474037240
Event: 0.013 loading class 0x00007f6474037240 done
Event: 0.014 loading class 0x00007f647402f0f0 done


Dynamic libraries:
00400000-00401000 r-xp 00000000 08:06 3672631                            /usr/lib/jvm/java-7-openjdk-amd64/jre/bin/java
00600000-00601000 r--p 00000000 08:06 3672631                            /usr/lib/jvm/java-7-openjdk-amd64/jre/bin/java
00601000-00602000 rw-p 00001000 08:06 3672631                            /usr/lib/jvm/java-7-openjdk-amd64/jre/bin/java
00c14000-00c35000 rw-p 00000000 00:00 0                                  [heap]
bae00000-bc300000 rw-p 00000000 00:00 0 
bc300000-c5400000 rw-p 00000000 00:00 0 
c5400000-c7b00000 rw-p 00000000 00:00 0 
c7b00000-ec680000 rw-p 00000000 00:00 0 
ec680000-eda80000 rw-p 00000000 00:00 0 
eda80000-100000000 rw-p 00000000 00:00 0 
7f6458000000-7f6458021000 rw-p 00000000 00:00 0 
7f6458021000-7f645c000000 ---p 00000000 00:00 0 
7f645c000000-7f645c021000 rw-p 00000000 00:00 0 
7f645c021000-7f6460000000 ---p 00000000 00:00 0 
7f6460000000-7f6460021000 rw-p 00000000 00:00 0 
7f6460021000-7f6464000000 ---p 00000000 00:00 0 
7f6465d70000-7f6468000000 rw-p 00000000 00:00 0 
7f6468000000-7f6468021000 rw-p 00000000 00:00 0 
7f6468021000-7f646c000000 ---p 00000000 00:00 0 
7f646c2c9000-7f646c503000 rw-p 00000000 00:00 0 
7f646c503000-7f646c5f9000 r--s 017aa000 08:06 659996                     /opt/android-sdk-linux/platforms/android-21/android.jar
7f646c5f9000-7f646c898000 rw-p 00000000 00:00 0 
7f646c898000-7f646c899000 ---p 00000000 00:00 0 
7f646c899000-7f646c999000 rw-p 00000000 00:00 0                          [stack:16208]
7f646c999000-7f646c99a000 ---p 00000000 00:00 0 
7f646c99a000-7f646ca9a000 rw-p 00000000 00:00 0                          [stack:16207]
7f646ca9a000-7f646ca9b000 ---p 00000000 00:00 0 
7f646ca9b000-7f646cb9b000 rw-p 00000000 00:00 0                          [stack:16206]
7f646cb9b000-7f646cb9c000 ---p 00000000 00:00 0 
7f646cb9c000-7f646ccb0000 rw-p 00000000 00:00 0                          [stack:16205]
7f646ccb0000-7f646cdd6000 rw-p 00000000 00:00 0 
7f646cdd6000-7f646cde1000 rw-p 00000000 00:00 0 
7f646cde1000-7f646ce29000 rw-p 00000000 00:00 0 
7f646ce29000-7f646ce3d000 rw-p 00000000 00:00 0 
7f646ce3d000-7f646cf62000 rw-p 00000000 00:00 0 
7f646cf62000-7f646cf6d000 rw-p 00000000 00:00 0 
7f646cf6d000-7f646cfff000 rw-p 00000000 00:00 0 
7f646cfff000-7f646d000000 rw-p 00000000 00:00 0 
7f646d000000-7f646d270000 rwxp 00000000 00:00 0 
7f646d270000-7f6470056000 rw-p 00000000 00:00 0 
7f6470056000-7f6474000000 ---p 00000000 00:00 0 
7f6474004000-7f64740bd000 rw-p 00000000 00:00 0 
7f64740bd000-7f6474105000 rw-p 00000000 00:00 0 
7f6474105000-7f647410d000 r-xp 00000000 08:06 3672628                    /usr/lib/jvm/java-7-openjdk-amd64/jre/lib/amd64/libzip.so
7f647410d000-7f647430c000 ---p 00008000 08:06 3672628                    /usr/lib/jvm/java-7-openjdk-amd64/jre/lib/amd64/libzip.so
7f647430c000-7f647430d000 r--p 00007000 08:06 3672628                    /usr/lib/jvm/java-7-openjdk-amd64/jre/lib/amd64/libzip.so
7f647430d000-7f647430e000 rw-p 00008000 08:06 3672628                    /usr/lib/jvm/java-7-openjdk-amd64/jre/lib/amd64/libzip.so
7f647430e000-7f6474319000 r-xp 00000000 08:06 4728242                    /lib/x86_64-linux-gnu/libnss_files-2.19.so
7f6474319000-7f6474518000 ---p 0000b000 08:06 4728242                    /lib/x86_64-linux-gnu/libnss_files-2.19.so
7f6474518000-7f6474519000 r--p 0000a000 08:06 4728242                    /lib/x86_64-linux-gnu/libnss_files-2.19.so
7f6474519000-7f647451a000 rw-p 0000b000 08:06 4728242                    /lib/x86_64-linux-gnu/libnss_files-2.19.so
7f647451a000-7f6474525000 r-xp 00000000 08:06 4728285                    /lib/x86_64-linux-gnu/libnss_nis-2.19.so
7f6474525000-7f6474724000 ---p 0000b000 08:06 4728285                    /lib/x86_64-linux-gnu/libnss_nis-2.19.so
7f6474724000-7f6474725000 r--p 0000a000 08:06 4728285                    /lib/x86_64-linux-gnu/libnss_nis-2.19.so
7f6474725000-7f6474726000 rw-p 0000b000 08:06 4728285                    /lib/x86_64-linux-gnu/libnss_nis-2.19.so
7f6474726000-7f647473d000 r-xp 00000000 08:06 4728263                    /lib/x86_64-linux-gnu/libnsl-2.19.so
7f647473d000-7f647493c000 ---p 00017000 08:06 4728263                    /lib/x86_64-linux-gnu/libnsl-2.19.so
7f647493c000-7f647493d000 r--p 00016000 08:06 4728263                    /lib/x86_64-linux-gnu/libnsl-2.19.so
7f647493d000-7f647493e000 rw-p 00017000 08:06 4728263                    /lib/x86_64-linux-gnu/libnsl-2.19.so
7f647493e000-7f6474940000 rw-p 00000000 00:00 0 
7f6474940000-7f6474949000 r-xp 00000000 08:06 4728261                    /lib/x86_64-linux-gnu/libnss_compat-2.19.so
7f6474949000-7f6474b48000 ---p 00009000 08:06 4728261                    /lib/x86_64-linux-gnu/libnss_compat-2.19.so
7f6474b48000-7f6474b49000 r--p 00008000 08:06 4728261                    /lib/x86_64-linux-gnu/libnss_compat-2.19.so
7f6474b49000-7f6474b4a000 rw-p 00009000 08:06 4728261                    /lib/x86_64-linux-gnu/libnss_compat-2.19.so
7f6474b4a000-7f6474b75000 r-xp 00000000 08:06 3672613                    /usr/lib/jvm/java-7-openjdk-amd64/jre/lib/amd64/libjava.so
7f6474b75000-7f6474d75000 ---p 0002b000 08:06 3672613                    /usr/lib/jvm/java-7-openjdk-amd64/jre/lib/amd64/libjava.so
7f6474d75000-7f6474d76000 r--p 0002b000 08:06 3672613                    /usr/lib/jvm/java-7-openjdk-amd64/jre/lib/amd64/libjava.so
7f6474d76000-7f6474d78000 rw-p 0002c000 08:06 3672613                    /usr/lib/jvm/java-7-openjdk-amd64/jre/lib/amd64/libjava.so
7f6474d78000-7f6474d88000 r-xp 00000000 08:06 3672612                    /usr/lib/jvm/java-7-openjdk-amd64/jre/lib/amd64/libverify.so
7f6474d88000-7f6474f87000 ---p 00010000 08:06 3672612                    /usr/lib/jvm/java-7-openjdk-amd64/jre/lib/amd64/libverify.so
7f6474f87000-7f6474f89000 r--p 0000f000 08:06 3672612                    /usr/lib/jvm/java-7-openjdk-amd64/jre/lib/amd64/libverify.so
7f6474f89000-7f6474f8a000 rw-p 00011000 08:06 3672612                    /usr/lib/jvm/java-7-openjdk-amd64/jre/lib/amd64/libverify.so
7f6474f8a000-7f6474f91000 r-xp 00000000 08:06 4728279                    /lib/x86_64-linux-gnu/librt-2.19.so
7f6474f91000-7f6475190000 ---p 00007000 08:06 4728279                    /lib/x86_64-linux-gnu/librt-2.19.so
7f6475190000-7f6475191000 r--p 00006000 08:06 4728279                    /lib/x86_64-linux-gnu/librt-2.19.so
7f6475191000-7f6475192000 rw-p 00007000 08:06 4728279                    /lib/x86_64-linux-gnu/librt-2.19.so
7f6475192000-7f64751a8000 r-xp 00000000 08:06 4722596                    /lib/x86_64-linux-gnu/libgcc_s.so.1
7f64751a8000-7f64753a7000 ---p 00016000 08:06 4722596                    /lib/x86_64-linux-gnu/libgcc_s.so.1
7f64753a7000-7f64753a8000 rw-p 00015000 08:06 4722596                    /lib/x86_64-linux-gnu/libgcc_s.so.1
7f64753a8000-7f64754ad000 r-xp 00000000 08:06 4728240                    /lib/x86_64-linux-gnu/libm-2.19.so
7f64754ad000-7f64756ac000 ---p 00105000 08:06 4728240                    /lib/x86_64-linux-gnu/libm-2.19.so
7f64756ac000-7f64756ad000 r--p 00104000 08:06 4728240                    /lib/x86_64-linux-gnu/libm-2.19.so
7f64756ad000-7f64756ae000 rw-p 00105000 08:06 4728240                    /lib/x86_64-linux-gnu/libm-2.19.so
7f64756ae000-7f6475794000 r-xp 00000000 08:06 3417005                    /usr/lib/x86_64-linux-gnu/libstdc++.so.6.0.19
7f6475794000-7f6475993000 ---p 000e6000 08:06 3417005                    /usr/lib/x86_64-linux-gnu/libstdc++.so.6.0.19
7f6475993000-7f647599b000 r--p 000e5000 08:06 3417005                    /usr/lib/x86_64-linux-gnu/libstdc++.so.6.0.19
7f647599b000-7f647599d000 rw-p 000ed000 08:06 3417005                    /usr/lib/x86_64-linux-gnu/libstdc++.so.6.0.19
7f647599d000-7f64759b2000 rw-p 00000000 00:00 0 
7f64759b2000-7f64764ca000 r-xp 00000000 08:06 3672617                    /usr/lib/jvm/java-7-openjdk-amd64/jre/lib/amd64/server/libjvm.so
7f64764ca000-7f64766ca000 ---p 00b18000 08:06 3672617                    /usr/lib/jvm/java-7-openjdk-amd64/jre/lib/amd64/server/libjvm.so
7f64766ca000-7f6476764000 r--p 00b18000 08:06 3672617                    /usr/lib/jvm/java-7-openjdk-amd64/jre/lib/amd64/server/libjvm.so
7f6476764000-7f6476787000 rw-p 00bb2000 08:06 3672617                    /usr/lib/jvm/java-7-openjdk-amd64/jre/lib/amd64/server/libjvm.so
7f6476787000-7f64767b5000 rw-p 00000000 00:00 0 
7f64767b5000-7f64767cd000 r-xp 00000000 08:06 4722782                    /lib/x86_64-linux-gnu/libz.so.1.2.8
7f64767cd000-7f64769cc000 ---p 00018000 08:06 4722782                    /lib/x86_64-linux-gnu/libz.so.1.2.8
7f64769cc000-7f64769cd000 r--p 00017000 08:06 4722782                    /lib/x86_64-linux-gnu/libz.so.1.2.8
7f64769cd000-7f64769ce000 rw-p 00018000 08:06 4722782                    /lib/x86_64-linux-gnu/libz.so.1.2.8
7f64769ce000-7f64769e7000 r-xp 00000000 08:06 4728275                    /lib/x86_64-linux-gnu/libpthread-2.19.so
7f64769e7000-7f6476be6000 ---p 00019000 08:06 4728275                    /lib/x86_64-linux-gnu/libpthread-2.19.so
7f6476be6000-7f6476be7000 r--p 00018000 08:06 4728275                    /lib/x86_64-linux-gnu/libpthread-2.19.so
7f6476be7000-7f6476be8000 rw-p 00019000 08:06 4728275                    /lib/x86_64-linux-gnu/libpthread-2.19.so
7f6476be8000-7f6476bec000 rw-p 00000000 00:00 0 
7f6476bec000-7f6476bef000 r-xp 00000000 08:06 4728249                    /lib/x86_64-linux-gnu/libdl-2.19.so
7f6476bef000-7f6476dee000 ---p 00003000 08:06 4728249                    /lib/x86_64-linux-gnu/libdl-2.19.so
7f6476dee000-7f6476def000 r--p 00002000 08:06 4728249                    /lib/x86_64-linux-gnu/libdl-2.19.so
7f6476def000-7f6476df0000 rw-p 00003000 08:06 4728249                    /lib/x86_64-linux-gnu/libdl-2.19.so
7f6476df0000-7f6476fab000 r-xp 00000000 08:06 4728273                    /lib/x86_64-linux-gnu/libc-2.19.so
7f6476fab000-7f64771aa000 ---p 001bb000 08:06 4728273                    /lib/x86_64-linux-gnu/libc-2.19.so
7f64771aa000-7f64771ae000 r--p 001ba000 08:06 4728273                    /lib/x86_64-linux-gnu/libc-2.19.so
7f64771ae000-7f64771b0000 rw-p 001be000 08:06 4728273                    /lib/x86_64-linux-gnu/libc-2.19.so
7f64771b0000-7f64771b5000 rw-p 00000000 00:00 0 
7f64771b5000-7f64771c2000 r-xp 00000000 08:06 3672596                    /usr/lib/jvm/java-7-openjdk-amd64/jre/lib/amd64/jli/libjli.so
7f64771c2000-7f64773c1000 ---p 0000d000 08:06 3672596                    /usr/lib/jvm/java-7-openjdk-amd64/jre/lib/amd64/jli/libjli.so
7f64773c1000-7f64773c2000 r--p 0000c000 08:06 3672596                    /usr/lib/jvm/java-7-openjdk-amd64/jre/lib/amd64/jli/libjli.so
7f64773c2000-7f64773c3000 rw-p 0000d000 08:06 3672596                    /usr/lib/jvm/java-7-openjdk-amd64/jre/lib/amd64/jli/libjli.so
7f64773c3000-7f64773e6000 r-xp 00000000 08:06 4728267                    /lib/x86_64-linux-gnu/ld-2.19.so
7f64773fb000-7f6477407000 rw-p 00000000 00:00 0 
7f6477407000-7f64774bd000 rw-p 00000000 00:00 0 
7f64774bd000-7f64774c0000 ---p 00000000 00:00 0 
7f64774c0000-7f64775d9000 rw-p 00000000 00:00 0                          [stack:16204]
7f64775d9000-7f64775e1000 rw-s 00000000 08:06 3276915                    /tmp/hsperfdata_rohit/16199
7f64775e1000-7f64775e2000 rw-p 00000000 00:00 0 
7f64775e2000-7f64775e3000 r--p 00000000 00:00 0 
7f64775e3000-7f64775e5000 rw-p 00000000 00:00 0 
7f64775e5000-7f64775e6000 r--p 00022000 08:06 4728267                    /lib/x86_64-linux-gnu/ld-2.19.so
7f64775e6000-7f64775e7000 rw-p 00023000 08:06 4728267                    /lib/x86_64-linux-gnu/ld-2.19.so
7f64775e7000-7f64775e8000 rw-p 00000000 00:00 0 
7fff63596000-7fff635b7000 rw-p 00000000 00:00 0                          [stack]
7fff635e9000-7fff635eb000 r-xp 00000000 00:00 0                          [vdso]
ffffffffff600000-ffffffffff601000 r-xp 00000000 00:00 0                  [vsyscall]

VM Arguments:
jvm_args: -Dfile.encoding=UTF-8 -Xbootclasspath:/opt/android-sdk-linux/platforms/android-21/android.jar 
java_command: com.uttara.gtmanager.Test
Launcher Type: SUN_STANDARD

Environment Variables:
PATH=/home/rohit/bin:/usr/local/sbin:/usr/local/bin:/usr/sbin:/usr/bin:/sbin:/bin:/usr/games:/usr/local/games:/home/Downloads/adt-bundle-linux-x86/sdk/tools:/home/Downloads/adt-bundle-linux-x86/sdk/platform-tools:/opt/android-sdk-linux/tools:/opt/android-sdk-linux/platform-tools
SHELL=/bin/bash
DISPLAY=:0

Signal Handlers:
SIGSEGV: [libjvm.so+0x94b4b0], sa_mask[0]=0x7ffbfeff, sa_flags=0x10000004
SIGBUS: [libjvm.so+0x94b4b0], sa_mask[0]=0x7ffbfeff, sa_flags=0x10000004
SIGFPE: [libjvm.so+0x7c3390], sa_mask[0]=0x7ffbfeff, sa_flags=0x10000004
SIGPIPE: [libjvm.so+0x7c3390], sa_mask[0]=0x7ffbfeff, sa_flags=0x10000004
SIGXFSZ: [libjvm.so+0x7c3390], sa_mask[0]=0x7ffbfeff, sa_flags=0x10000004
SIGILL: [libjvm.so+0x7c3390], sa_mask[0]=0x7ffbfeff, sa_flags=0x10000004
SIGUSR1: SIG_DFL, sa_mask[0]=0x00000000, sa_flags=0x00000000
SIGUSR2: [libjvm.so+0x7c3230], sa_mask[0]=0x00000004, sa_flags=0x10000004
SIGHUP: SIG_DFL, sa_mask[0]=0x00000000, sa_flags=0x00000000
SIGINT: SIG_IGN, sa_mask[0]=0x00000000, sa_flags=0x00000000
SIGTERM: SIG_DFL, sa_mask[0]=0x00000000, sa_flags=0x00000000
SIGQUIT: SIG_DFL, sa_mask[0]=0x00000000, sa_flags=0x00000000
SIGTRAP: SIG_DFL, sa_mask[0]=0x00000000, sa_flags=0x00000000


---------------  S Y S T E M  ---------------

OS:Ubuntu 14.04 (trusty)
uname:Linux 3.13.0-48-generic #80-Ubuntu SMP Thu Mar 12 11:16:15 UTC 2015 x86_64
libc:glibc 2.19 NPTL 2.19 
rlimit: STACK 8192k, CORE 0k, NPROC 29855, NOFILE 4096, AS infinity
load average:0.66 0.40 0.35

/proc/meminfo:
MemTotal:        3843092 kB
MemFree:          139120 kB
Buffers:           39716 kB
Cached:           862232 kB
SwapCached:       283860 kB
Active:          2380996 kB
Inactive:        1131540 kB
Active(anon):    2073000 kB
Inactive(anon):   812644 kB
Active(file):     307996 kB
Inactive(file):   318896 kB
Unevictable:          32 kB
Mlocked:              32 kB
SwapTotal:       3986428 kB
SwapFree:        3056420 kB
Dirty:              2468 kB
Writeback:             0 kB
AnonPages:       2531004 kB
Mapped:           159064 kB
Shmem:            274908 kB
Slab:              96424 kB
SReclaimable:      60504 kB
SUnreclaim:        35920 kB
KernelStack:        5128 kB
PageTables:        43092 kB
NFS_Unstable:          0 kB
Bounce:                0 kB
WritebackTmp:          0 kB
CommitLimit:     5907972 kB
Committed_AS:    7369328 kB
VmallocTotal:   34359738367 kB
VmallocUsed:      550188 kB
VmallocChunk:   34359180252 kB
HardwareCorrupted:     0 kB
AnonHugePages:    862208 kB
HugePages_Total:       0
HugePages_Free:        0
HugePages_Rsvd:        0
HugePages_Surp:        0
Hugepagesize:       2048 kB
DirectMap4k:       94472 kB
DirectMap2M:     3893248 kB


CPU:total 4 (2 cores per cpu, 2 threads per core) family 6 model 37 stepping 2, cmov, cx8, fxsr, mmx, sse, sse2, sse3, ssse3, sse4.1, sse4.2, popcnt, ht, tsc, tscinvbit

/proc/cpuinfo:
processor	: 0
vendor_id	: GenuineIntel
cpu family	: 6
model		: 37
model name	: Intel(R) Core(TM) i5 CPU       M 520  @ 2.40GHz
stepping	: 2
microcode	: 0x9
cpu MHz		: 1199.000
cache size	: 3072 KB
physical id	: 0
siblings	: 4
core id		: 0
cpu cores	: 2
apicid		: 0
initial apicid	: 0
fpu		: yes
fpu_exception	: yes
cpuid level	: 11
wp		: yes
flags		: fpu vme de pse tsc msr pae mce cx8 apic sep mtrr pge mca cmov pat pse36 clflush dts acpi mmx fxsr sse sse2 ss ht tm pbe syscall nx rdtscp lm constant_tsc arch_perfmon pebs bts rep_good nopl xtopology nonstop_tsc aperfmperf pni dtes64 monitor ds_cpl vmx smx est tm2 ssse3 cx16 xtpr pdcm sse4_1 sse4_2 popcnt lahf_lm ida arat dtherm tpr_shadow vnmi flexpriority ept vpid
bogomips	: 4789.07
clflush size	: 64
cache_alignment	: 64
address sizes	: 36 bits physical, 48 bits virtual
power management:

processor	: 1
vendor_id	: GenuineIntel
cpu family	: 6
model		: 37
model name	: Intel(R) Core(TM) i5 CPU       M 520  @ 2.40GHz
stepping	: 2
microcode	: 0x9
cpu MHz		: 2400.000
cache size	: 3072 KB
physical id	: 0
siblings	: 4
core id		: 0
cpu cores	: 2
apicid		: 1
initial apicid	: 1
fpu		: yes
fpu_exception	: yes
cpuid level	: 11
wp		: yes
flags		: fpu vme de pse tsc msr pae mce cx8 apic sep mtrr pge mca cmov pat pse36 clflush dts acpi mmx fxsr sse sse2 ss ht tm pbe syscall nx rdtscp lm constant_tsc arch_perfmon pebs bts rep_good nopl xtopology nonstop_tsc aperfmperf pni dtes64 monitor ds_cpl vmx smx est tm2 ssse3 cx16 xtpr pdcm sse4_1 sse4_2 popcnt lahf_lm ida arat dtherm tpr_shadow vnmi flexpriority ept vpid
bogomips	: 4789.07
clflush size	: 64
cache_alignment	: 64
address sizes	: 36 bits physical, 48 bits virtual
power management:

processor	: 2
vendor_id	: GenuineIntel
cpu family	: 6
model		: 37
model name	: Intel(R) Core(TM) i5 CPU       M 520  @ 2.40GHz
stepping	: 2
microcode	: 0x9
cpu MHz		: 1199.000
cache size	: 3072 KB
physical id	: 0
siblings	: 4
core id		: 2
cpu cores	: 2
apicid		: 4
initial apicid	: 4
fpu		: yes
fpu_exception	: yes
cpuid level	: 11
wp		: yes
flags		: fpu vme de pse tsc msr pae mce cx8 apic sep mtrr pge mca cmov pat pse36 clflush dts acpi mmx fxsr sse sse2 ss ht tm pbe syscall nx rdtscp lm constant_tsc arch_perfmon pebs bts rep_good nopl xtopology nonstop_tsc aperfmperf pni dtes64 monitor ds_cpl vmx smx est tm2 ssse3 cx16 xtpr pdcm sse4_1 sse4_2 popcnt lahf_lm ida arat dtherm tpr_shadow vnmi flexpriority ept vpid
bogomips	: 4789.07
clflush size	: 64
cache_alignment	: 64
address sizes	: 36 bits physical, 48 bits virtual
power management:

processor	: 3
vendor_id	: GenuineIntel
cpu family	: 6
model		: 37
model name	: Intel(R) Core(TM) i5 CPU       M 520  @ 2.40GHz
stepping	: 2
microcode	: 0x9
cpu MHz		: 2400.000
cache size	: 3072 KB
physical id	: 0
siblings	: 4
core id		: 2
cpu cores	: 2
apicid		: 5
initial apicid	: 5
fpu		: yes
fpu_exception	: yes
cpuid level	: 11
wp		: yes
flags		: fpu vme de pse tsc msr pae mce cx8 apic sep mtrr pge mca cmov pat pse36 clflush dts acpi mmx fxsr sse sse2 ss ht tm pbe syscall nx rdtscp lm constant_tsc arch_perfmon pebs bts rep_good nopl xtopology nonstop_tsc aperfmperf pni dtes64 monitor ds_cpl vmx smx est tm2 ssse3 cx16 xtpr pdcm sse4_1 sse4_2 popcnt lahf_lm ida arat dtherm tpr_shadow vnmi flexpriority ept vpid
bogomips	: 4789.07
clflush size	: 64
cache_alignment	: 64
address sizes	: 36 bits physical, 48 bits virtual
power management:



Memory: 4k page, physical 3843092k(139120k free), swap 3986428k(3056420k free)

vm_info: OpenJDK 64-Bit Server VM (24.75-b04) for linux-amd64 JRE (1.7.0_75-b13), built on Jan 27 2015 00:38:59 by "buildd" with gcc 4.8.2

time: Mon Mar 23 13:42:37 2015
elapsed time: 0 seconds

