#
# A fatal error has been detected by the Java Runtime Environment:
#
#  Internal Error (javaClasses.cpp:139), pid=16120, tid=140375230367488
#  fatal error: Invalid layout of preloaded class
#
# JRE version:  (7.0_75-b13) (build )
# Java VM: OpenJDK 64-Bit Server VM (24.75-b04 mixed mode linux-amd64 compressed oops)
# Derivative: IcedTea 2.5.4
# Distribution: Ubuntu 14.04 LTS, package 7u75-2.5.4-1~trusty1
# Failed to write core dump. Core dumps have been disabled. To enable core dumping, try "ulimit -c unlimited" before starting Java again
#
# If you would like to submit a bug report, please include
# instructions on how to reproduce the bug and visit:
#   http://icedtea.classpath.org/bugzilla
#

---------------  T H R E A D  ---------------

Current thread (0x00007faba000a000):  JavaThread "Unknown thread" [_thread_in_vm, id=16126, stack(0x00007faba7adc000,0x00007faba7bdd000)]

Stack: [0x00007faba7adc000,0x00007faba7bdd000],  sp=0x00007faba7bdb900,  free space=1022k
Native frames: (J=compiled Java code, j=interpreted, Vv=VM code, C=native code)
V  [libjvm.so+0x94a9d5]  VMError::report_and_die()+0x175
V  [libjvm.so+0x48b8c4]  report_fatal(char const*, int, char const*)+0x54
V  [libjvm.so+0x5e8c60]  compute_offset(int&, klassOopDesc*, Symbol*, Symbol*, bool) [clone .constprop.120]+0xc0
V  [libjvm.so+0x5e8d36]  java_lang_String::compute_offsets()+0x36
V  [libjvm.so+0x8cf47c]  SystemDictionary::initialize_preloaded_classes(Thread*)+0xcc
V  [libjvm.so+0x91ad28]  Universe::genesis(Thread*)+0x468
V  [libjvm.so+0x91b334]  universe2_init()+0x24
V  [libjvm.so+0x59d21a]  init_globals()+0x9a
V  [libjvm.so+0x8fe15f]  Threads::create_vm(JavaVMInitArgs*, bool*)+0x35f
V  [libjvm.so+0x608554]  JNI_CreateJavaVM+0x54
C  [libjli.so+0x2b48]


---------------  P R O C E S S  ---------------

Java Threads: ( => current thread )

Other Threads:

=>0x00007faba000a000 (exited) JavaThread "Unknown thread" [_thread_in_vm, id=16126, stack(0x00007faba7adc000,0x00007faba7bdd000)]

VM state:not at safepoint (not fully initialized)

VM Mutex/Monitor currently owned by a thread: None

GC Heap History (0 events):
No events

Deoptimization events (0 events):
No events

Internal exceptions (0 events):
No events

Events (10 events):
Event: 0.051 loading class 0x00007fab9a9eb710 done
Event: 0.051 loading class 0x00007fab9a9eb110 done
Event: 0.051 loading class 0x00007fab9a9eb0f0
Event: 0.051 loading class 0x00007fab9a9f31e0
Event: 0.051 loading class 0x00007fab9a9f31e0 done
Event: 0.051 loading class 0x00007fab9a9f3210
Event: 0.051 loading class 0x00007fab9a9f3210 done
Event: 0.051 loading class 0x00007fab9a9f3240
Event: 0.051 loading class 0x00007fab9a9f3240 done
Event: 0.052 loading class 0x00007fab9a9eb0f0 done


Dynamic libraries:
00400000-00401000 r-xp 00000000 08:06 3672631                            /usr/lib/jvm/java-7-openjdk-amd64/jre/bin/java
00600000-00601000 r--p 00000000 08:06 3672631                            /usr/lib/jvm/java-7-openjdk-amd64/jre/bin/java
00601000-00602000 rw-p 00001000 08:06 3672631                            /usr/lib/jvm/java-7-openjdk-amd64/jre/bin/java
02326000-02347000 rw-p 00000000 00:00 0                                  [heap]
bae00000-bc300000 rw-p 00000000 00:00 0 
bc300000-c5400000 rw-p 00000000 00:00 0 
c5400000-c7b00000 rw-p 00000000 00:00 0 
c7b00000-ec680000 rw-p 00000000 00:00 0 
ec680000-eda80000 rw-p 00000000 00:00 0 
eda80000-100000000 rw-p 00000000 00:00 0 
7fab84000000-7fab84021000 rw-p 00000000 00:00 0 
7fab84021000-7fab88000000 ---p 00000000 00:00 0 
7fab8c000000-7fab8c021000 rw-p 00000000 00:00 0 
7fab8c021000-7fab90000000 ---p 00000000 00:00 0 
7fab90000000-7fab90021000 rw-p 00000000 00:00 0 
7fab90021000-7fab94000000 ---p 00000000 00:00 0 
7fab94000000-7fab94021000 rw-p 00000000 00:00 0 
7fab94021000-7fab98000000 ---p 00000000 00:00 0 
7fab9a645000-7fab9a87f000 rw-p 00000000 00:00 0 
7fab9a87f000-7fab9a975000 r--s 017aa000 08:06 659996                     /opt/android-sdk-linux/platforms/android-21/android.jar
7fab9a975000-7fab9ceff000 rw-p 00000000 00:00 0 
7fab9ceff000-7fab9cf00000 ---p 00000000 00:00 0 
7fab9cf00000-7fab9d000000 rw-p 00000000 00:00 0                          [stack:16130]
7fab9d000000-7fab9d270000 rwxp 00000000 00:00 0 
7fab9d270000-7faba0056000 rw-p 00000000 00:00 0 
7faba0056000-7faba4000000 ---p 00000000 00:00 0 
7faba4017000-7faba406a000 rw-p 00000000 00:00 0 
7faba406a000-7faba406b000 ---p 00000000 00:00 0 
7faba406b000-7faba416b000 rw-p 00000000 00:00 0                          [stack:16129]
7faba416b000-7faba416c000 ---p 00000000 00:00 0 
7faba416c000-7faba426c000 rw-p 00000000 00:00 0                          [stack:16128]
7faba426c000-7faba426d000 ---p 00000000 00:00 0 
7faba426d000-7faba4378000 rw-p 00000000 00:00 0                          [stack:16127]
7faba4378000-7faba43c0000 rw-p 00000000 00:00 0 
7faba43c0000-7faba43d4000 rw-p 00000000 00:00 0 
7faba43d4000-7faba44fa000 rw-p 00000000 00:00 0 
7faba44fa000-7faba4505000 rw-p 00000000 00:00 0 
7faba4505000-7faba454d000 rw-p 00000000 00:00 0 
7faba454d000-7faba4561000 rw-p 00000000 00:00 0 
7faba4561000-7faba4686000 rw-p 00000000 00:00 0 
7faba4686000-7faba4691000 rw-p 00000000 00:00 0 
7faba4691000-7faba4723000 rw-p 00000000 00:00 0 
7faba4723000-7faba4724000 rw-p 00000000 00:00 0 
7faba4724000-7faba472c000 r-xp 00000000 08:06 3672628                    /usr/lib/jvm/java-7-openjdk-amd64/jre/lib/amd64/libzip.so
7faba472c000-7faba492b000 ---p 00008000 08:06 3672628                    /usr/lib/jvm/java-7-openjdk-amd64/jre/lib/amd64/libzip.so
7faba492b000-7faba492c000 r--p 00007000 08:06 3672628                    /usr/lib/jvm/java-7-openjdk-amd64/jre/lib/amd64/libzip.so
7faba492c000-7faba492d000 rw-p 00008000 08:06 3672628                    /usr/lib/jvm/java-7-openjdk-amd64/jre/lib/amd64/libzip.so
7faba492d000-7faba4938000 r-xp 00000000 08:06 4728242                    /lib/x86_64-linux-gnu/libnss_files-2.19.so
7faba4938000-7faba4b37000 ---p 0000b000 08:06 4728242                    /lib/x86_64-linux-gnu/libnss_files-2.19.so
7faba4b37000-7faba4b38000 r--p 0000a000 08:06 4728242                    /lib/x86_64-linux-gnu/libnss_files-2.19.so
7faba4b38000-7faba4b39000 rw-p 0000b000 08:06 4728242                    /lib/x86_64-linux-gnu/libnss_files-2.19.so
7faba4b39000-7faba4b44000 r-xp 00000000 08:06 4728285                    /lib/x86_64-linux-gnu/libnss_nis-2.19.so
7faba4b44000-7faba4d43000 ---p 0000b000 08:06 4728285                    /lib/x86_64-linux-gnu/libnss_nis-2.19.so
7faba4d43000-7faba4d44000 r--p 0000a000 08:06 4728285                    /lib/x86_64-linux-gnu/libnss_nis-2.19.so
7faba4d44000-7faba4d45000 rw-p 0000b000 08:06 4728285                    /lib/x86_64-linux-gnu/libnss_nis-2.19.so
7faba4d45000-7faba4d5c000 r-xp 00000000 08:06 4728263                    /lib/x86_64-linux-gnu/libnsl-2.19.so
7faba4d5c000-7faba4f5b000 ---p 00017000 08:06 4728263                    /lib/x86_64-linux-gnu/libnsl-2.19.so
7faba4f5b000-7faba4f5c000 r--p 00016000 08:06 4728263                    /lib/x86_64-linux-gnu/libnsl-2.19.so
7faba4f5c000-7faba4f5d000 rw-p 00017000 08:06 4728263                    /lib/x86_64-linux-gnu/libnsl-2.19.so
7faba4f5d000-7faba4f5f000 rw-p 00000000 00:00 0 
7faba4f5f000-7faba4f68000 r-xp 00000000 08:06 4728261                    /lib/x86_64-linux-gnu/libnss_compat-2.19.so
7faba4f68000-7faba5167000 ---p 00009000 08:06 4728261                    /lib/x86_64-linux-gnu/libnss_compat-2.19.so
7faba5167000-7faba5168000 r--p 00008000 08:06 4728261                    /lib/x86_64-linux-gnu/libnss_compat-2.19.so
7faba5168000-7faba5169000 rw-p 00009000 08:06 4728261                    /lib/x86_64-linux-gnu/libnss_compat-2.19.so
7faba5169000-7faba5194000 r-xp 00000000 08:06 3672613                    /usr/lib/jvm/java-7-openjdk-amd64/jre/lib/amd64/libjava.so
7faba5194000-7faba5394000 ---p 0002b000 08:06 3672613                    /usr/lib/jvm/java-7-openjdk-amd64/jre/lib/amd64/libjava.so
7faba5394000-7faba5395000 r--p 0002b000 08:06 3672613                    /usr/lib/jvm/java-7-openjdk-amd64/jre/lib/amd64/libjava.so
7faba5395000-7faba5397000 rw-p 0002c000 08:06 3672613                    /usr/lib/jvm/java-7-openjdk-amd64/jre/lib/amd64/libjava.so
7faba5397000-7faba53a7000 r-xp 00000000 08:06 3672612                    /usr/lib/jvm/java-7-openjdk-amd64/jre/lib/amd64/libverify.so
7faba53a7000-7faba55a6000 ---p 00010000 08:06 3672612                    /usr/lib/jvm/java-7-openjdk-amd64/jre/lib/amd64/libverify.so
7faba55a6000-7faba55a8000 r--p 0000f000 08:06 3672612                    /usr/lib/jvm/java-7-openjdk-amd64/jre/lib/amd64/libverify.so
7faba55a8000-7faba55a9000 rw-p 00011000 08:06 3672612                    /usr/lib/jvm/java-7-openjdk-amd64/jre/lib/amd64/libverify.so
7faba55a9000-7faba55b0000 r-xp 00000000 08:06 4728279                    /lib/x86_64-linux-gnu/librt-2.19.so
7faba55b0000-7faba57af000 ---p 00007000 08:06 4728279                    /lib/x86_64-linux-gnu/librt-2.19.so
7faba57af000-7faba57b0000 r--p 00006000 08:06 4728279                    /lib/x86_64-linux-gnu/librt-2.19.so
7faba57b0000-7faba57b1000 rw-p 00007000 08:06 4728279                    /lib/x86_64-linux-gnu/librt-2.19.so
7faba57b1000-7faba57c7000 r-xp 00000000 08:06 4722596                    /lib/x86_64-linux-gnu/libgcc_s.so.1
7faba57c7000-7faba59c6000 ---p 00016000 08:06 4722596                    /lib/x86_64-linux-gnu/libgcc_s.so.1
7faba59c6000-7faba59c7000 rw-p 00015000 08:06 4722596                    /lib/x86_64-linux-gnu/libgcc_s.so.1
7faba59c7000-7faba5acc000 r-xp 00000000 08:06 4728240                    /lib/x86_64-linux-gnu/libm-2.19.so
7faba5acc000-7faba5ccb000 ---p 00105000 08:06 4728240                    /lib/x86_64-linux-gnu/libm-2.19.so
7faba5ccb000-7faba5ccc000 r--p 00104000 08:06 4728240                    /lib/x86_64-linux-gnu/libm-2.19.so
7faba5ccc000-7faba5ccd000 rw-p 00105000 08:06 4728240                    /lib/x86_64-linux-gnu/libm-2.19.so
7faba5ccd000-7faba5db3000 r-xp 00000000 08:06 3417005                    /usr/lib/x86_64-linux-gnu/libstdc++.so.6.0.19
7faba5db3000-7faba5fb2000 ---p 000e6000 08:06 3417005                    /usr/lib/x86_64-linux-gnu/libstdc++.so.6.0.19
7faba5fb2000-7faba5fba000 r--p 000e5000 08:06 3417005                    /usr/lib/x86_64-linux-gnu/libstdc++.so.6.0.19
7faba5fba000-7faba5fbc000 rw-p 000ed000 08:06 3417005                    /usr/lib/x86_64-linux-gnu/libstdc++.so.6.0.19
7faba5fbc000-7faba5fd1000 rw-p 00000000 00:00 0 
7faba5fd1000-7faba6ae9000 r-xp 00000000 08:06 3672617                    /usr/lib/jvm/java-7-openjdk-amd64/jre/lib/amd64/server/libjvm.so
7faba6ae9000-7faba6ce9000 ---p 00b18000 08:06 3672617                    /usr/lib/jvm/java-7-openjdk-amd64/jre/lib/amd64/server/libjvm.so
7faba6ce9000-7faba6d83000 r--p 00b18000 08:06 3672617                    /usr/lib/jvm/java-7-openjdk-amd64/jre/lib/amd64/server/libjvm.so
7faba6d83000-7faba6da6000 rw-p 00bb2000 08:06 3672617                    /usr/lib/jvm/java-7-openjdk-amd64/jre/lib/amd64/server/libjvm.so
7faba6da6000-7faba6dd4000 rw-p 00000000 00:00 0 
7faba6dd4000-7faba6dec000 r-xp 00000000 08:06 4722782                    /lib/x86_64-linux-gnu/libz.so.1.2.8
7faba6dec000-7faba6feb000 ---p 00018000 08:06 4722782                    /lib/x86_64-linux-gnu/libz.so.1.2.8
7faba6feb000-7faba6fec000 r--p 00017000 08:06 4722782                    /lib/x86_64-linux-gnu/libz.so.1.2.8
7faba6fec000-7faba6fed000 rw-p 00018000 08:06 4722782                    /lib/x86_64-linux-gnu/libz.so.1.2.8
7faba6fed000-7faba7006000 r-xp 00000000 08:06 4728275                    /lib/x86_64-linux-gnu/libpthread-2.19.so
7faba7006000-7faba7205000 ---p 00019000 08:06 4728275                    /lib/x86_64-linux-gnu/libpthread-2.19.so
7faba7205000-7faba7206000 r--p 00018000 08:06 4728275                    /lib/x86_64-linux-gnu/libpthread-2.19.so
7faba7206000-7faba7207000 rw-p 00019000 08:06 4728275                    /lib/x86_64-linux-gnu/libpthread-2.19.so
7faba7207000-7faba720b000 rw-p 00000000 00:00 0 
7faba720b000-7faba720e000 r-xp 00000000 08:06 4728249                    /lib/x86_64-linux-gnu/libdl-2.19.so
7faba720e000-7faba740d000 ---p 00003000 08:06 4728249                    /lib/x86_64-linux-gnu/libdl-2.19.so
7faba740d000-7faba740e000 r--p 00002000 08:06 4728249                    /lib/x86_64-linux-gnu/libdl-2.19.so
7faba740e000-7faba740f000 rw-p 00003000 08:06 4728249                    /lib/x86_64-linux-gnu/libdl-2.19.so
7faba740f000-7faba75ca000 r-xp 00000000 08:06 4728273                    /lib/x86_64-linux-gnu/libc-2.19.so
7faba75ca000-7faba77c9000 ---p 001bb000 08:06 4728273                    /lib/x86_64-linux-gnu/libc-2.19.so
7faba77c9000-7faba77cd000 r--p 001ba000 08:06 4728273                    /lib/x86_64-linux-gnu/libc-2.19.so
7faba77cd000-7faba77cf000 rw-p 001be000 08:06 4728273                    /lib/x86_64-linux-gnu/libc-2.19.so
7faba77cf000-7faba77d4000 rw-p 00000000 00:00 0 
7faba77d4000-7faba77e1000 r-xp 00000000 08:06 3672596                    /usr/lib/jvm/java-7-openjdk-amd64/jre/lib/amd64/jli/libjli.so
7faba77e1000-7faba79e0000 ---p 0000d000 08:06 3672596                    /usr/lib/jvm/java-7-openjdk-amd64/jre/lib/amd64/jli/libjli.so
7faba79e0000-7faba79e1000 r--p 0000c000 08:06 3672596                    /usr/lib/jvm/java-7-openjdk-amd64/jre/lib/amd64/jli/libjli.so
7faba79e1000-7faba79e2000 rw-p 0000d000 08:06 3672596                    /usr/lib/jvm/java-7-openjdk-amd64/jre/lib/amd64/jli/libjli.so
7faba79e2000-7faba7a05000 r-xp 00000000 08:06 4728267                    /lib/x86_64-linux-gnu/ld-2.19.so
7faba7a1a000-7faba7a26000 rw-p 00000000 00:00 0 
7faba7a26000-7faba7adc000 rw-p 00000000 00:00 0 
7faba7adc000-7faba7adf000 ---p 00000000 00:00 0 
7faba7adf000-7faba7bf8000 rw-p 00000000 00:00 0                          [stack:16126]
7faba7bf8000-7faba7c00000 rw-s 00000000 08:06 3276915                    /tmp/hsperfdata_rohit/16120
7faba7c00000-7faba7c01000 rw-p 00000000 00:00 0 
7faba7c01000-7faba7c02000 r--p 00000000 00:00 0 
7faba7c02000-7faba7c04000 rw-p 00000000 00:00 0 
7faba7c04000-7faba7c05000 r--p 00022000 08:06 4728267                    /lib/x86_64-linux-gnu/ld-2.19.so
7faba7c05000-7faba7c06000 rw-p 00023000 08:06 4728267                    /lib/x86_64-linux-gnu/ld-2.19.so
7faba7c06000-7faba7c07000 rw-p 00000000 00:00 0 
7fffaf8c6000-7fffaf8e7000 rw-p 00000000 00:00 0                          [stack]
7fffaf9f4000-7fffaf9f6000 r-xp 00000000 00:00 0                          [vdso]
ffffffffff600000-ffffffffff601000 r-xp 00000000 00:00 0                  [vsyscall]

VM Arguments:
jvm_args: -Dfile.encoding=UTF-8 -Xbootclasspath:/opt/android-sdk-linux/platforms/android-21/android.jar 
java_command: com.uttara.gtmanager.Test
Launcher Type: SUN_STANDARD

Environment Variables:
PATH=/home/rohit/bin:/usr/local/sbin:/usr/local/bin:/usr/sbin:/usr/bin:/sbin:/bin:/usr/games:/usr/local/games:/home/Downloads/adt-bundle-linux-x86/sdk/tools:/home/Downloads/adt-bundle-linux-x86/sdk/platform-tools:/opt/android-sdk-linux/tools:/opt/android-sdk-linux/platform-tools
SHELL=/bin/bash
DISPLAY=:0

Signal Handlers:
SIGSEGV: [libjvm.so+0x94b4b0], sa_mask[0]=0x7ffbfeff, sa_flags=0x10000004
SIGBUS: [libjvm.so+0x94b4b0], sa_mask[0]=0x7ffbfeff, sa_flags=0x10000004
SIGFPE: [libjvm.so+0x7c3390], sa_mask[0]=0x7ffbfeff, sa_flags=0x10000004
SIGPIPE: [libjvm.so+0x7c3390], sa_mask[0]=0x7ffbfeff, sa_flags=0x10000004
SIGXFSZ: [libjvm.so+0x7c3390], sa_mask[0]=0x7ffbfeff, sa_flags=0x10000004
SIGILL: [libjvm.so+0x7c3390], sa_mask[0]=0x7ffbfeff, sa_flags=0x10000004
SIGUSR1: SIG_DFL, sa_mask[0]=0x00000000, sa_flags=0x00000000
SIGUSR2: [libjvm.so+0x7c3230], sa_mask[0]=0x00000004, sa_flags=0x10000004
SIGHUP: SIG_DFL, sa_mask[0]=0x00000000, sa_flags=0x00000000
SIGINT: SIG_IGN, sa_mask[0]=0x00000000, sa_flags=0x00000000
SIGTERM: SIG_DFL, sa_mask[0]=0x00000000, sa_flags=0x00000000
SIGQUIT: SIG_DFL, sa_mask[0]=0x00000000, sa_flags=0x00000000
SIGTRAP: SIG_DFL, sa_mask[0]=0x00000000, sa_flags=0x00000000


---------------  S Y S T E M  ---------------

OS:Ubuntu 14.04 (trusty)
uname:Linux 3.13.0-48-generic #80-Ubuntu SMP Thu Mar 12 11:16:15 UTC 2015 x86_64
libc:glibc 2.19 NPTL 2.19 
rlimit: STACK 8192k, CORE 0k, NPROC 29855, NOFILE 4096, AS infinity
load average:0.37 0.29 0.32

/proc/meminfo:
MemTotal:        3843092 kB
MemFree:          159936 kB
Buffers:           35928 kB
Cached:           846300 kB
SwapCached:       283044 kB
Active:          2371332 kB
Inactive:        1118680 kB
Active(anon):    2071484 kB
Inactive(anon):   813364 kB
Active(file):     299848 kB
Inactive(file):   305316 kB
Unevictable:          32 kB
Mlocked:              32 kB
SwapTotal:       3986428 kB
SwapFree:        3056172 kB
Dirty:               296 kB
Writeback:             0 kB
AnonPages:       2528980 kB
Mapped:           157072 kB
Shmem:            276872 kB
Slab:              94896 kB
SReclaimable:      59096 kB
SUnreclaim:        35800 kB
KernelStack:        5128 kB
PageTables:        43092 kB
NFS_Unstable:          0 kB
Bounce:                0 kB
WritebackTmp:          0 kB
CommitLimit:     5907972 kB
Committed_AS:    7370468 kB
VmallocTotal:   34359738367 kB
VmallocUsed:      550188 kB
VmallocChunk:   34359180252 kB
HardwareCorrupted:     0 kB
AnonHugePages:    864256 kB
HugePages_Total:       0
HugePages_Free:        0
HugePages_Rsvd:        0
HugePages_Surp:        0
Hugepagesize:       2048 kB
DirectMap4k:       94472 kB
DirectMap2M:     3893248 kB


CPU:total 4 (2 cores per cpu, 2 threads per core) family 6 model 37 stepping 2, cmov, cx8, fxsr, mmx, sse, sse2, sse3, ssse3, sse4.1, sse4.2, popcnt, ht, tsc, tscinvbit

/proc/cpuinfo:
processor	: 0
vendor_id	: GenuineIntel
cpu family	: 6
model		: 37
model name	: Intel(R) Core(TM) i5 CPU       M 520  @ 2.40GHz
stepping	: 2
microcode	: 0x9
cpu MHz		: 2400.000
cache size	: 3072 KB
physical id	: 0
siblings	: 4
core id		: 0
cpu cores	: 2
apicid		: 0
initial apicid	: 0
fpu		: yes
fpu_exception	: yes
cpuid level	: 11
wp		: yes
flags		: fpu vme de pse tsc msr pae mce cx8 apic sep mtrr pge mca cmov pat pse36 clflush dts acpi mmx fxsr sse sse2 ss ht tm pbe syscall nx rdtscp lm constant_tsc arch_perfmon pebs bts rep_good nopl xtopology nonstop_tsc aperfmperf pni dtes64 monitor ds_cpl vmx smx est tm2 ssse3 cx16 xtpr pdcm sse4_1 sse4_2 popcnt lahf_lm ida arat dtherm tpr_shadow vnmi flexpriority ept vpid
bogomips	: 4789.07
clflush size	: 64
cache_alignment	: 64
address sizes	: 36 bits physical, 48 bits virtual
power management:

processor	: 1
vendor_id	: GenuineIntel
cpu family	: 6
model		: 37
model name	: Intel(R) Core(TM) i5 CPU       M 520  @ 2.40GHz
stepping	: 2
microcode	: 0x9
cpu MHz		: 2400.000
cache size	: 3072 KB
physical id	: 0
siblings	: 4
core id		: 0
cpu cores	: 2
apicid		: 1
initial apicid	: 1
fpu		: yes
fpu_exception	: yes
cpuid level	: 11
wp		: yes
flags		: fpu vme de pse tsc msr pae mce cx8 apic sep mtrr pge mca cmov pat pse36 clflush dts acpi mmx fxsr sse sse2 ss ht tm pbe syscall nx rdtscp lm constant_tsc arch_perfmon pebs bts rep_good nopl xtopology nonstop_tsc aperfmperf pni dtes64 monitor ds_cpl vmx smx est tm2 ssse3 cx16 xtpr pdcm sse4_1 sse4_2 popcnt lahf_lm ida arat dtherm tpr_shadow vnmi flexpriority ept vpid
bogomips	: 4789.07
clflush size	: 64
cache_alignment	: 64
address sizes	: 36 bits physical, 48 bits virtual
power management:

processor	: 2
vendor_id	: GenuineIntel
cpu family	: 6
model		: 37
model name	: Intel(R) Core(TM) i5 CPU       M 520  @ 2.40GHz
stepping	: 2
microcode	: 0x9
cpu MHz		: 1733.000
cache size	: 3072 KB
physical id	: 0
siblings	: 4
core id		: 2
cpu cores	: 2
apicid		: 4
initial apicid	: 4
fpu		: yes
fpu_exception	: yes
cpuid level	: 11
wp		: yes
flags		: fpu vme de pse tsc msr pae mce cx8 apic sep mtrr pge mca cmov pat pse36 clflush dts acpi mmx fxsr sse sse2 ss ht tm pbe syscall nx rdtscp lm constant_tsc arch_perfmon pebs bts rep_good nopl xtopology nonstop_tsc aperfmperf pni dtes64 monitor ds_cpl vmx smx est tm2 ssse3 cx16 xtpr pdcm sse4_1 sse4_2 popcnt lahf_lm ida arat dtherm tpr_shadow vnmi flexpriority ept vpid
bogomips	: 4789.07
clflush size	: 64
cache_alignment	: 64
address sizes	: 36 bits physical, 48 bits virtual
power management:

processor	: 3
vendor_id	: GenuineIntel
cpu family	: 6
model		: 37
model name	: Intel(R) Core(TM) i5 CPU       M 520  @ 2.40GHz
stepping	: 2
microcode	: 0x9
cpu MHz		: 2400.000
cache size	: 3072 KB
physical id	: 0
siblings	: 4
core id		: 2
cpu cores	: 2
apicid		: 5
initial apicid	: 5
fpu		: yes
fpu_exception	: yes
cpuid level	: 11
wp		: yes
flags		: fpu vme de pse tsc msr pae mce cx8 apic sep mtrr pge mca cmov pat pse36 clflush dts acpi mmx fxsr sse sse2 ss ht tm pbe syscall nx rdtscp lm constant_tsc arch_perfmon pebs bts rep_good nopl xtopology nonstop_tsc aperfmperf pni dtes64 monitor ds_cpl vmx smx est tm2 ssse3 cx16 xtpr pdcm sse4_1 sse4_2 popcnt lahf_lm ida arat dtherm tpr_shadow vnmi flexpriority ept vpid
bogomips	: 4789.07
clflush size	: 64
cache_alignment	: 64
address sizes	: 36 bits physical, 48 bits virtual
power management:



Memory: 4k page, physical 3843092k(159812k free), swap 3986428k(3056172k free)

vm_info: OpenJDK 64-Bit Server VM (24.75-b04) for linux-amd64 JRE (1.7.0_75-b13), built on Jan 27 2015 00:38:59 by "buildd" with gcc 4.8.2

time: Mon Mar 23 13:41:36 2015
elapsed time: 0 seconds

