#
# A fatal error has been detected by the Java Runtime Environment:
#
#  Internal Error (javaClasses.cpp:139), pid=30262, tid=139873767048960
#  fatal error: Invalid layout of preloaded class
#
# JRE version:  (7.0_79-b14) (build )
# Java VM: OpenJDK 64-Bit Server VM (24.79-b02 mixed mode linux-amd64 compressed oops)
# Derivative: IcedTea 2.5.5
# Distribution: Ubuntu 14.10, package 7u79-2.5.5-0ubuntu0.14.10.2
# Failed to write core dump. Core dumps have been disabled. To enable core dumping, try "ulimit -c unlimited" before starting Java again
#
# If you would like to submit a bug report, please include
# instructions on how to reproduce the bug and visit:
#   http://icedtea.classpath.org/bugzilla
#

---------------  T H R E A D  ---------------

Current thread (0x00007f36dc00a000):  JavaThread "Unknown thread" [_thread_in_vm, id=30268, stack(0x00007f36e622c000,0x00007f36e632d000)]

Stack: [0x00007f36e622c000,0x00007f36e632d000],  sp=0x00007f36e632b900,  free space=1022k
Native frames: (J=compiled Java code, j=interpreted, Vv=VM code, C=native code)
V  [libjvm.so+0x982c56]  VMError::report_and_die()+0x186
V  [libjvm.so+0x48fa52]  report_fatal(char const*, int, char const*)+0x62
V  [libjvm.so+0x5fd25f]  compute_offset(int&, klassOopDesc*, Symbol*, Symbol*, bool) [clone .constprop.61]+0xcf
V  [libjvm.so+0x5fd346]  java_lang_String::compute_offsets()+0x36
V  [libjvm.so+0x9003ac]  SystemDictionary::initialize_preloaded_classes(Thread*)+0xdc
V  [libjvm.so+0x94bb68]  Universe::genesis(Thread*)+0x468
V  [libjvm.so+0x94c173]  universe2_init()+0x33
V  [libjvm.so+0x5b0228]  init_globals()+0xb8
V  [libjvm.so+0x92d73f]  Threads::create_vm(JavaVMInitArgs*, bool*)+0x36f
V  [libjvm.so+0x61f2d0]  JNI_CreateJavaVM+0x60
C  [libjli.so+0x2b8e]


---------------  P R O C E S S  ---------------

Java Threads: ( => current thread )

Other Threads:

=>0x00007f36dc00a000 (exited) JavaThread "Unknown thread" [_thread_in_vm, id=30268, stack(0x00007f36e622c000,0x00007f36e632d000)]

VM state:not at safepoint (not fully initialized)

VM Mutex/Monitor currently owned by a thread: None

GC Heap History (0 events):
No events

Deoptimization events (0 events):
No events

Internal exceptions (0 events):
No events

Events (10 events):
Event: 0.008 loading class 0x00007f36e013e710 done
Event: 0.008 loading class 0x00007f36e013e110 done
Event: 0.008 loading class 0x00007f36e013e0f0
Event: 0.008 loading class 0x00007f36e01461e0
Event: 0.008 loading class 0x00007f36e01461e0 done
Event: 0.008 loading class 0x00007f36e0146210
Event: 0.008 loading class 0x00007f36e0146210 done
Event: 0.008 loading class 0x00007f36e0146240
Event: 0.008 loading class 0x00007f36e0146240 done
Event: 0.009 loading class 0x00007f36e013e0f0 done


Dynamic libraries:
00400000-00401000 r-xp 00000000 08:06 3676273                            /usr/lib/jvm/java-7-openjdk-amd64/jre/bin/java
00600000-00601000 r--p 00000000 08:06 3676273                            /usr/lib/jvm/java-7-openjdk-amd64/jre/bin/java
00601000-00602000 rw-p 00001000 08:06 3676273                            /usr/lib/jvm/java-7-openjdk-amd64/jre/bin/java
01a24000-01a45000 rw-p 00000000 00:00 0                                  [heap]
bae00000-bc300000 rw-p 00000000 00:00 0 
bc300000-c5400000 rw-p 00000000 00:00 0 
c5400000-c7b00000 rw-p 00000000 00:00 0 
c7b00000-ec680000 rw-p 00000000 00:00 0 
ec680000-eda80000 rw-p 00000000 00:00 0 
eda80000-100000000 rw-p 00000000 00:00 0 
7f36c8000000-7f36c8021000 rw-p 00000000 00:00 0 
7f36c8021000-7f36cc000000 ---p 00000000 00:00 0 
7f36cc000000-7f36cc021000 rw-p 00000000 00:00 0 
7f36cc021000-7f36d0000000 ---p 00000000 00:00 0 
7f36d0000000-7f36d0021000 rw-p 00000000 00:00 0 
7f36d0021000-7f36d4000000 ---p 00000000 00:00 0 
7f36d4000000-7f36d4021000 rw-p 00000000 00:00 0 
7f36d4021000-7f36d8000000 ---p 00000000 00:00 0 
7f36d8cd1000-7f36d8f0a000 rw-p 00000000 00:00 0 
7f36d8f0a000-7f36d9000000 r--s 017b0000 08:06 1450296                    /opt/android-sdk-linux/platforms/android-21/android.jar
7f36d9000000-7f36d9270000 rwxp 00000000 00:00 0 
7f36d9270000-7f36dc056000 rw-p 00000000 00:00 0 
7f36dc056000-7f36e0000000 ---p 00000000 00:00 0 
7f36e009d000-7f36e267a000 rw-p 00000000 00:00 0 
7f36e267a000-7f36e267b000 ---p 00000000 00:00 0 
7f36e267b000-7f36e277b000 rw-p 00000000 00:00 0                          [stack:30272]
7f36e277b000-7f36e277c000 ---p 00000000 00:00 0 
7f36e277c000-7f36e287c000 rw-p 00000000 00:00 0                          [stack:30271]
7f36e287c000-7f36e287d000 ---p 00000000 00:00 0 
7f36e287d000-7f36e297d000 rw-p 00000000 00:00 0                          [stack:30270]
7f36e297d000-7f36e297e000 ---p 00000000 00:00 0 
7f36e297e000-7f36e2a89000 rw-p 00000000 00:00 0                          [stack:30269]
7f36e2a89000-7f36e2ad1000 rw-p 00000000 00:00 0 
7f36e2ad1000-7f36e2ae5000 rw-p 00000000 00:00 0 
7f36e2ae5000-7f36e2c0b000 rw-p 00000000 00:00 0 
7f36e2c0b000-7f36e2c16000 rw-p 00000000 00:00 0 
7f36e2c16000-7f36e2c5e000 rw-p 00000000 00:00 0 
7f36e2c5e000-7f36e2c72000 rw-p 00000000 00:00 0 
7f36e2c72000-7f36e2d97000 rw-p 00000000 00:00 0 
7f36e2d97000-7f36e2da2000 rw-p 00000000 00:00 0 
7f36e2da2000-7f36e2e34000 rw-p 00000000 00:00 0 
7f36e2e34000-7f36e2e35000 rw-p 00000000 00:00 0 
7f36e2e35000-7f36e2e3d000 r-xp 00000000 08:06 3677303                    /usr/lib/jvm/java-7-openjdk-amd64/jre/lib/amd64/libzip.so
7f36e2e3d000-7f36e303c000 ---p 00008000 08:06 3677303                    /usr/lib/jvm/java-7-openjdk-amd64/jre/lib/amd64/libzip.so
7f36e303c000-7f36e303d000 r--p 00007000 08:06 3677303                    /usr/lib/jvm/java-7-openjdk-amd64/jre/lib/amd64/libzip.so
7f36e303d000-7f36e303e000 rw-p 00008000 08:06 3677303                    /usr/lib/jvm/java-7-openjdk-amd64/jre/lib/amd64/libzip.so
7f36e303e000-7f36e3049000 r-xp 00000000 08:06 4733622                    /lib/x86_64-linux-gnu/libnss_files-2.19.so
7f36e3049000-7f36e3248000 ---p 0000b000 08:06 4733622                    /lib/x86_64-linux-gnu/libnss_files-2.19.so
7f36e3248000-7f36e3249000 r--p 0000a000 08:06 4733622                    /lib/x86_64-linux-gnu/libnss_files-2.19.so
7f36e3249000-7f36e324a000 rw-p 0000b000 08:06 4733622                    /lib/x86_64-linux-gnu/libnss_files-2.19.so
7f36e324a000-7f36e3255000 r-xp 00000000 08:06 4733624                    /lib/x86_64-linux-gnu/libnss_nis-2.19.so
7f36e3255000-7f36e3454000 ---p 0000b000 08:06 4733624                    /lib/x86_64-linux-gnu/libnss_nis-2.19.so
7f36e3454000-7f36e3455000 r--p 0000a000 08:06 4733624                    /lib/x86_64-linux-gnu/libnss_nis-2.19.so
7f36e3455000-7f36e3456000 rw-p 0000b000 08:06 4733624                    /lib/x86_64-linux-gnu/libnss_nis-2.19.so
7f36e3456000-7f36e346d000 r-xp 00000000 08:06 4728372                    /lib/x86_64-linux-gnu/libnsl-2.19.so
7f36e346d000-7f36e366c000 ---p 00017000 08:06 4728372                    /lib/x86_64-linux-gnu/libnsl-2.19.so
7f36e366c000-7f36e366d000 r--p 00016000 08:06 4728372                    /lib/x86_64-linux-gnu/libnsl-2.19.so
7f36e366d000-7f36e366e000 rw-p 00017000 08:06 4728372                    /lib/x86_64-linux-gnu/libnsl-2.19.so
7f36e366e000-7f36e3670000 rw-p 00000000 00:00 0 
7f36e3670000-7f36e3679000 r-xp 00000000 08:06 4733592                    /lib/x86_64-linux-gnu/libnss_compat-2.19.so
7f36e3679000-7f36e3878000 ---p 00009000 08:06 4733592                    /lib/x86_64-linux-gnu/libnss_compat-2.19.so
7f36e3878000-7f36e3879000 r--p 00008000 08:06 4733592                    /lib/x86_64-linux-gnu/libnss_compat-2.19.so
7f36e3879000-7f36e387a000 rw-p 00009000 08:06 4733592                    /lib/x86_64-linux-gnu/libnss_compat-2.19.so
7f36e387a000-7f36e38a7000 r-xp 00000000 08:06 3677313                    /usr/lib/jvm/java-7-openjdk-amd64/jre/lib/amd64/libjava.so
7f36e38a7000-7f36e3aa6000 ---p 0002d000 08:06 3677313                    /usr/lib/jvm/java-7-openjdk-amd64/jre/lib/amd64/libjava.so
7f36e3aa6000-7f36e3aa7000 r--p 0002c000 08:06 3677313                    /usr/lib/jvm/java-7-openjdk-amd64/jre/lib/amd64/libjava.so
7f36e3aa7000-7f36e3aa9000 rw-p 0002d000 08:06 3677313                    /usr/lib/jvm/java-7-openjdk-amd64/jre/lib/amd64/libjava.so
7f36e3aa9000-7f36e3aba000 r-xp 00000000 08:06 3677317                    /usr/lib/jvm/java-7-openjdk-amd64/jre/lib/amd64/libverify.so
7f36e3aba000-7f36e3cb9000 ---p 00011000 08:06 3677317                    /usr/lib/jvm/java-7-openjdk-amd64/jre/lib/amd64/libverify.so
7f36e3cb9000-7f36e3cbb000 r--p 00010000 08:06 3677317                    /usr/lib/jvm/java-7-openjdk-amd64/jre/lib/amd64/libverify.so
7f36e3cbb000-7f36e3cbc000 rw-p 00012000 08:06 3677317                    /usr/lib/jvm/java-7-openjdk-amd64/jre/lib/amd64/libverify.so
7f36e3cbc000-7f36e3cc3000 r-xp 00000000 08:06 4733625                    /lib/x86_64-linux-gnu/librt-2.19.so
7f36e3cc3000-7f36e3ec2000 ---p 00007000 08:06 4733625                    /lib/x86_64-linux-gnu/librt-2.19.so
7f36e3ec2000-7f36e3ec3000 r--p 00006000 08:06 4733625                    /lib/x86_64-linux-gnu/librt-2.19.so
7f36e3ec3000-7f36e3ec4000 rw-p 00007000 08:06 4733625                    /lib/x86_64-linux-gnu/librt-2.19.so
7f36e3ec4000-7f36e3eda000 r-xp 00000000 08:06 4728251                    /lib/x86_64-linux-gnu/libgcc_s.so.1
7f36e3eda000-7f36e40d9000 ---p 00016000 08:06 4728251                    /lib/x86_64-linux-gnu/libgcc_s.so.1
7f36e40d9000-7f36e40da000 r--p 00015000 08:06 4728251                    /lib/x86_64-linux-gnu/libgcc_s.so.1
7f36e40da000-7f36e40db000 rw-p 00016000 08:06 4728251                    /lib/x86_64-linux-gnu/libgcc_s.so.1
7f36e40db000-7f36e41e0000 r-xp 00000000 08:06 4722739                    /lib/x86_64-linux-gnu/libm-2.19.so
7f36e41e0000-7f36e43df000 ---p 00105000 08:06 4722739                    /lib/x86_64-linux-gnu/libm-2.19.so
7f36e43df000-7f36e43e0000 r--p 00104000 08:06 4722739                    /lib/x86_64-linux-gnu/libm-2.19.so
7f36e43e0000-7f36e43e1000 rw-p 00105000 08:06 4722739                    /lib/x86_64-linux-gnu/libm-2.19.so
7f36e43e1000-7f36e44d1000 r-xp 00000000 08:06 3410225                    /usr/lib/x86_64-linux-gnu/libstdc++.so.6.0.20
7f36e44d1000-7f36e46d1000 ---p 000f0000 08:06 3410225                    /usr/lib/x86_64-linux-gnu/libstdc++.so.6.0.20
7f36e46d1000-7f36e46d9000 r--p 000f0000 08:06 3410225                    /usr/lib/x86_64-linux-gnu/libstdc++.so.6.0.20
7f36e46d9000-7f36e46db000 rw-p 000f8000 08:06 3410225                    /usr/lib/x86_64-linux-gnu/libstdc++.so.6.0.20
7f36e46db000-7f36e46f0000 rw-p 00000000 00:00 0 
7f36e46f0000-7f36e5240000 r-xp 00000000 08:06 3677327                    /usr/lib/jvm/java-7-openjdk-amd64/jre/lib/amd64/server/libjvm.so
7f36e5240000-7f36e543f000 ---p 00b50000 08:06 3677327                    /usr/lib/jvm/java-7-openjdk-amd64/jre/lib/amd64/server/libjvm.so
7f36e543f000-7f36e54de000 r--p 00b4f000 08:06 3677327                    /usr/lib/jvm/java-7-openjdk-amd64/jre/lib/amd64/server/libjvm.so
7f36e54de000-7f36e5501000 rw-p 00bee000 08:06 3677327                    /usr/lib/jvm/java-7-openjdk-amd64/jre/lib/amd64/server/libjvm.so
7f36e5501000-7f36e552e000 rw-p 00000000 00:00 0 
7f36e552e000-7f36e5546000 r-xp 00000000 08:06 4722782                    /lib/x86_64-linux-gnu/libz.so.1.2.8
7f36e5546000-7f36e5745000 ---p 00018000 08:06 4722782                    /lib/x86_64-linux-gnu/libz.so.1.2.8
7f36e5745000-7f36e5746000 r--p 00017000 08:06 4722782                    /lib/x86_64-linux-gnu/libz.so.1.2.8
7f36e5746000-7f36e5747000 rw-p 00018000 08:06 4722782                    /lib/x86_64-linux-gnu/libz.so.1.2.8
7f36e5747000-7f36e5760000 r-xp 00000000 08:06 4733612                    /lib/x86_64-linux-gnu/libpthread-2.19.so
7f36e5760000-7f36e595f000 ---p 00019000 08:06 4733612                    /lib/x86_64-linux-gnu/libpthread-2.19.so
7f36e595f000-7f36e5960000 r--p 00018000 08:06 4733612                    /lib/x86_64-linux-gnu/libpthread-2.19.so
7f36e5960000-7f36e5961000 rw-p 00019000 08:06 4733612                    /lib/x86_64-linux-gnu/libpthread-2.19.so
7f36e5961000-7f36e5965000 rw-p 00000000 00:00 0 
7f36e5965000-7f36e5968000 r-xp 00000000 08:06 4733611                    /lib/x86_64-linux-gnu/libdl-2.19.so
7f36e5968000-7f36e5b67000 ---p 00003000 08:06 4733611                    /lib/x86_64-linux-gnu/libdl-2.19.so
7f36e5b67000-7f36e5b68000 r--p 00002000 08:06 4733611                    /lib/x86_64-linux-gnu/libdl-2.19.so
7f36e5b68000-7f36e5b69000 rw-p 00003000 08:06 4733611                    /lib/x86_64-linux-gnu/libdl-2.19.so
7f36e5b69000-7f36e5d23000 r-xp 00000000 08:06 4733623                    /lib/x86_64-linux-gnu/libc-2.19.so
7f36e5d23000-7f36e5f22000 ---p 001ba000 08:06 4733623                    /lib/x86_64-linux-gnu/libc-2.19.so
7f36e5f22000-7f36e5f26000 r--p 001b9000 08:06 4733623                    /lib/x86_64-linux-gnu/libc-2.19.so
7f36e5f26000-7f36e5f28000 rw-p 001bd000 08:06 4733623                    /lib/x86_64-linux-gnu/libc-2.19.so
7f36e5f28000-7f36e5f2d000 rw-p 00000000 00:00 0 
7f36e5f2d000-7f36e5f3a000 r-xp 00000000 08:06 3677321                    /usr/lib/jvm/java-7-openjdk-amd64/jre/lib/amd64/jli/libjli.so
7f36e5f3a000-7f36e6139000 ---p 0000d000 08:06 3677321                    /usr/lib/jvm/java-7-openjdk-amd64/jre/lib/amd64/jli/libjli.so
7f36e6139000-7f36e613a000 r--p 0000c000 08:06 3677321                    /usr/lib/jvm/java-7-openjdk-amd64/jre/lib/amd64/jli/libjli.so
7f36e613a000-7f36e613b000 rw-p 0000d000 08:06 3677321                    /usr/lib/jvm/java-7-openjdk-amd64/jre/lib/amd64/jli/libjli.so
7f36e613b000-7f36e615e000 r-xp 00000000 08:06 4733618                    /lib/x86_64-linux-gnu/ld-2.19.so
7f36e616c000-7f36e6176000 rw-p 00000000 00:00 0 
7f36e6176000-7f36e622c000 rw-p 00000000 00:00 0 
7f36e622c000-7f36e622f000 ---p 00000000 00:00 0 
7f36e622f000-7f36e6332000 rw-p 00000000 00:00 0                          [stack:30268]
7f36e6339000-7f36e6351000 rw-p 00000000 00:00 0 
7f36e6351000-7f36e6359000 rw-s 00000000 08:06 3688848                    /tmp/hsperfdata_rohit/30262
7f36e6359000-7f36e635a000 rw-p 00000000 00:00 0 
7f36e635a000-7f36e635b000 r--p 00000000 00:00 0 
7f36e635b000-7f36e635d000 rw-p 00000000 00:00 0 
7f36e635d000-7f36e635e000 r--p 00022000 08:06 4733618                    /lib/x86_64-linux-gnu/ld-2.19.so
7f36e635e000-7f36e635f000 rw-p 00023000 08:06 4733618                    /lib/x86_64-linux-gnu/ld-2.19.so
7f36e635f000-7f36e6360000 rw-p 00000000 00:00 0 
7ffeca5ea000-7ffeca60b000 rw-p 00000000 00:00 0                          [stack]
7ffeca78a000-7ffeca78c000 r-xp 00000000 00:00 0                          [vdso]
7ffeca78c000-7ffeca78e000 r--p 00000000 00:00 0                          [vvar]
ffffffffff600000-ffffffffff601000 r-xp 00000000 00:00 0                  [vsyscall]

VM Arguments:
jvm_args: -Dfile.encoding=UTF-8 -Xbootclasspath:/opt/android-sdk-linux/platforms/android-21/android.jar 
java_command: com.uttara.gtmanager.Test
Launcher Type: SUN_STANDARD

Environment Variables:
PATH=/home/rohit/bin:/usr/local/sbin:/usr/local/bin:/usr/sbin:/usr/bin:/sbin:/bin:/usr/games:/usr/local/games:/home/Downloads/adt-bundle-linux-x86/sdk/tools:/home/Downloads/adt-bundle-linux-x86/sdk/platform-tools:/opt/android-sdk-linux/tools:/opt/android-sdk-linux/platform-tools
SHELL=/bin/bash
DISPLAY=:0

Signal Handlers:
SIGSEGV: [libjvm.so+0x983740], sa_mask[0]=0x7ffbfeff, sa_flags=0x10000004
SIGBUS: [libjvm.so+0x983740], sa_mask[0]=0x7ffbfeff, sa_flags=0x10000004
SIGFPE: [libjvm.so+0x7f0180], sa_mask[0]=0x7ffbfeff, sa_flags=0x10000004
SIGPIPE: [libjvm.so+0x7f0180], sa_mask[0]=0x7ffbfeff, sa_flags=0x10000004
SIGXFSZ: [libjvm.so+0x7f0180], sa_mask[0]=0x7ffbfeff, sa_flags=0x10000004
SIGILL: [libjvm.so+0x7f0180], sa_mask[0]=0x7ffbfeff, sa_flags=0x10000004
SIGUSR1: SIG_DFL, sa_mask[0]=0x00000000, sa_flags=0x00000000
SIGUSR2: [libjvm.so+0x7f0000], sa_mask[0]=0x00000004, sa_flags=0x10000004
SIGHUP: SIG_DFL, sa_mask[0]=0x00000000, sa_flags=0x00000000
SIGINT: SIG_IGN, sa_mask[0]=0x00000000, sa_flags=0x00000000
SIGTERM: SIG_DFL, sa_mask[0]=0x00000000, sa_flags=0x00000000
SIGQUIT: SIG_DFL, sa_mask[0]=0x00000000, sa_flags=0x00000000
SIGTRAP: SIG_DFL, sa_mask[0]=0x00000000, sa_flags=0x00000000


---------------  S Y S T E M  ---------------

OS:Ubuntu 14.04 (trusty)
uname:Linux 3.16.0-38-generic #52-Ubuntu SMP Thu May 7 10:51:21 UTC 2015 x86_64
libc:glibc 2.19 NPTL 2.19 
rlimit: STACK 8192k, CORE 0k, NPROC 14923, NOFILE 4096, AS infinity
load average:2.16 2.13 2.07

/proc/meminfo:
MemTotal:        3842604 kB
MemFree:          136920 kB
MemAvailable:     428740 kB
Buffers:           11364 kB
Cached:           521000 kB
SwapCached:       177172 kB
Active:          2147904 kB
Inactive:        1308708 kB
Active(anon):    1930568 kB
Inactive(anon):  1110696 kB
Active(file):     217336 kB
Inactive(file):   198012 kB
Unevictable:          32 kB
Mlocked:              32 kB
SwapTotal:       3986428 kB
SwapFree:        1763168 kB
Dirty:               316 kB
Writeback:             0 kB
AnonPages:       2858632 kB
Mapped:            98096 kB
Shmem:            117020 kB
Slab:             135728 kB
SReclaimable:      90800 kB
SUnreclaim:        44928 kB
KernelStack:       12272 kB
PageTables:        52544 kB
NFS_Unstable:          0 kB
Bounce:                0 kB
WritebackTmp:          0 kB
CommitLimit:     5907728 kB
Committed_AS:    9436188 kB
VmallocTotal:   34359738367 kB
VmallocUsed:      550432 kB
VmallocChunk:   34359166520 kB
HardwareCorrupted:     0 kB
AnonHugePages:    602112 kB
HugePages_Total:       0
HugePages_Free:        0
HugePages_Rsvd:        0
HugePages_Surp:        0
Hugepagesize:       2048 kB
DirectMap4k:       59656 kB
DirectMap2M:     3928064 kB


CPU:total 4 (2 cores per cpu, 2 threads per core) family 6 model 37 stepping 2, cmov, cx8, fxsr, mmx, sse, sse2, sse3, ssse3, sse4.1, sse4.2, popcnt, ht, tsc, tscinvbit

/proc/cpuinfo:
processor	: 0
vendor_id	: GenuineIntel
cpu family	: 6
model		: 37
model name	: Intel(R) Core(TM) i5 CPU       M 520  @ 2.40GHz
stepping	: 2
microcode	: 0x9
cpu MHz		: 2400.000
cache size	: 3072 KB
physical id	: 0
siblings	: 4
core id		: 0
cpu cores	: 2
apicid		: 0
initial apicid	: 0
fpu		: yes
fpu_exception	: yes
cpuid level	: 11
wp		: yes
flags		: fpu vme de pse tsc msr pae mce cx8 apic sep mtrr pge mca cmov pat pse36 clflush dts acpi mmx fxsr sse sse2 ss ht tm pbe syscall nx rdtscp lm constant_tsc arch_perfmon pebs bts rep_good nopl xtopology nonstop_tsc aperfmperf pni dtes64 monitor ds_cpl vmx smx est tm2 ssse3 cx16 xtpr pdcm sse4_1 sse4_2 popcnt lahf_lm ida arat dtherm tpr_shadow vnmi flexpriority ept vpid
bogomips	: 4788.64
clflush size	: 64
cache_alignment	: 64
address sizes	: 36 bits physical, 48 bits virtual
power management:

processor	: 1
vendor_id	: GenuineIntel
cpu family	: 6
model		: 37
model name	: Intel(R) Core(TM) i5 CPU       M 520  @ 2.40GHz
stepping	: 2
microcode	: 0x9
cpu MHz		: 2400.000
cache size	: 3072 KB
physical id	: 0
siblings	: 4
core id		: 0
cpu cores	: 2
apicid		: 1
initial apicid	: 1
fpu		: yes
fpu_exception	: yes
cpuid level	: 11
wp		: yes
flags		: fpu vme de pse tsc msr pae mce cx8 apic sep mtrr pge mca cmov pat pse36 clflush dts acpi mmx fxsr sse sse2 ss ht tm pbe syscall nx rdtscp lm constant_tsc arch_perfmon pebs bts rep_good nopl xtopology nonstop_tsc aperfmperf pni dtes64 monitor ds_cpl vmx smx est tm2 ssse3 cx16 xtpr pdcm sse4_1 sse4_2 popcnt lahf_lm ida arat dtherm tpr_shadow vnmi flexpriority ept vpid
bogomips	: 4788.64
clflush size	: 64
cache_alignment	: 64
address sizes	: 36 bits physical, 48 bits virtual
power management:

processor	: 2
vendor_id	: GenuineIntel
cpu family	: 6
model		: 37
model name	: Intel(R) Core(TM) i5 CPU       M 520  @ 2.40GHz
stepping	: 2
microcode	: 0x9
cpu MHz		: 2400.000
cache size	: 3072 KB
physical id	: 0
siblings	: 4
core id		: 2
cpu cores	: 2
apicid		: 4
initial apicid	: 4
fpu		: yes
fpu_exception	: yes
cpuid level	: 11
wp		: yes
flags		: fpu vme de pse tsc msr pae mce cx8 apic sep mtrr pge mca cmov pat pse36 clflush dts acpi mmx fxsr sse sse2 ss ht tm pbe syscall nx rdtscp lm constant_tsc arch_perfmon pebs bts rep_good nopl xtopology nonstop_tsc aperfmperf pni dtes64 monitor ds_cpl vmx smx est tm2 ssse3 cx16 xtpr pdcm sse4_1 sse4_2 popcnt lahf_lm ida arat dtherm tpr_shadow vnmi flexpriority ept vpid
bogomips	: 4788.64
clflush size	: 64
cache_alignment	: 64
address sizes	: 36 bits physical, 48 bits virtual
power management:

processor	: 3
vendor_id	: GenuineIntel
cpu family	: 6
model		: 37
model name	: Intel(R) Core(TM) i5 CPU       M 520  @ 2.40GHz
stepping	: 2
microcode	: 0x9
cpu MHz		: 2133.000
cache size	: 3072 KB
physical id	: 0
siblings	: 4
core id		: 2
cpu cores	: 2
apicid		: 5
initial apicid	: 5
fpu		: yes
fpu_exception	: yes
cpuid level	: 11
wp		: yes
flags		: fpu vme de pse tsc msr pae mce cx8 apic sep mtrr pge mca cmov pat pse36 clflush dts acpi mmx fxsr sse sse2 ss ht tm pbe syscall nx rdtscp lm constant_tsc arch_perfmon pebs bts rep_good nopl xtopology nonstop_tsc aperfmperf pni dtes64 monitor ds_cpl vmx smx est tm2 ssse3 cx16 xtpr pdcm sse4_1 sse4_2 popcnt lahf_lm ida arat dtherm tpr_shadow vnmi flexpriority ept vpid
bogomips	: 4788.64
clflush size	: 64
cache_alignment	: 64
address sizes	: 36 bits physical, 48 bits virtual
power management:



Memory: 4k page, physical 3842604k(136920k free), swap 3986428k(1763168k free)

vm_info: OpenJDK 64-Bit Server VM (24.79-b02) for linux-amd64 JRE (1.7.0_79-b14), built on Apr 16 2015 08:25:58 by "buildd" with gcc 4.9.1

time: Fri May 29 16:54:16 2015
elapsed time: 0 seconds

