#
# A fatal error has been detected by the Java Runtime Environment:
#
#  Internal Error (javaClasses.cpp:139), pid=30248, tid=139994564695808
#  fatal error: Invalid layout of preloaded class
#
# JRE version:  (7.0_79-b14) (build )
# Java VM: OpenJDK 64-Bit Server VM (24.79-b02 mixed mode linux-amd64 compressed oops)
# Derivative: IcedTea 2.5.5
# Distribution: Ubuntu 14.10, package 7u79-2.5.5-0ubuntu0.14.10.2
# Failed to write core dump. Core dumps have been disabled. To enable core dumping, try "ulimit -c unlimited" before starting Java again
#
# If you would like to submit a bug report, please include
# instructions on how to reproduce the bug and visit:
#   http://icedtea.classpath.org/bugzilla
#

---------------  T H R E A D  ---------------

Current thread (0x00007f530000a000):  JavaThread "Unknown thread" [_thread_in_vm, id=30254, stack(0x00007f53063c9000,0x00007f53064ca000)]

Stack: [0x00007f53063c9000,0x00007f53064ca000],  sp=0x00007f53064c8900,  free space=1022k
Native frames: (J=compiled Java code, j=interpreted, Vv=VM code, C=native code)
V  [libjvm.so+0x982c56]  VMError::report_and_die()+0x186
V  [libjvm.so+0x48fa52]  report_fatal(char const*, int, char const*)+0x62
V  [libjvm.so+0x5fd25f]  compute_offset(int&, klassOopDesc*, Symbol*, Symbol*, bool) [clone .constprop.61]+0xcf
V  [libjvm.so+0x5fd346]  java_lang_String::compute_offsets()+0x36
V  [libjvm.so+0x9003ac]  SystemDictionary::initialize_preloaded_classes(Thread*)+0xdc
V  [libjvm.so+0x94bb68]  Universe::genesis(Thread*)+0x468
V  [libjvm.so+0x94c173]  universe2_init()+0x33
V  [libjvm.so+0x5b0228]  init_globals()+0xb8
V  [libjvm.so+0x92d73f]  Threads::create_vm(JavaVMInitArgs*, bool*)+0x36f
V  [libjvm.so+0x61f2d0]  JNI_CreateJavaVM+0x60
C  [libjli.so+0x2b8e]


---------------  P R O C E S S  ---------------

Java Threads: ( => current thread )

Other Threads:

=>0x00007f530000a000 (exited) JavaThread "Unknown thread" [_thread_in_vm, id=30254, stack(0x00007f53063c9000,0x00007f53064ca000)]

VM state:not at safepoint (not fully initialized)

VM Mutex/Monitor currently owned by a thread: None

GC Heap History (0 events):
No events

Deoptimization events (0 events):
No events

Internal exceptions (0 events):
No events

Events (10 events):
Event: 0.210 loading class 0x00007f52f92cd710 done
Event: 0.210 loading class 0x00007f52f92cd110 done
Event: 0.210 loading class 0x00007f52f92cd0f0
Event: 0.231 loading class 0x00007f52f92d51e0
Event: 0.231 loading class 0x00007f52f92d51e0 done
Event: 0.231 loading class 0x00007f52f92d5210
Event: 0.231 loading class 0x00007f52f92d5210 done
Event: 0.231 loading class 0x00007f52f92d5240
Event: 0.231 loading class 0x00007f52f92d5240 done
Event: 0.231 loading class 0x00007f52f92cd0f0 done


Dynamic libraries:
00400000-00401000 r-xp 00000000 08:06 3676273                            /usr/lib/jvm/java-7-openjdk-amd64/jre/bin/java
00600000-00601000 r--p 00000000 08:06 3676273                            /usr/lib/jvm/java-7-openjdk-amd64/jre/bin/java
00601000-00602000 rw-p 00001000 08:06 3676273                            /usr/lib/jvm/java-7-openjdk-amd64/jre/bin/java
010de000-010ff000 rw-p 00000000 00:00 0                                  [heap]
bae00000-bc300000 rw-p 00000000 00:00 0 
bc300000-c5400000 rw-p 00000000 00:00 0 
c5400000-c7b00000 rw-p 00000000 00:00 0 
c7b00000-ec680000 rw-p 00000000 00:00 0 
ec680000-eda80000 rw-p 00000000 00:00 0 
eda80000-100000000 rw-p 00000000 00:00 0 
7f52e4000000-7f52e4021000 rw-p 00000000 00:00 0 
7f52e4021000-7f52e8000000 ---p 00000000 00:00 0 
7f52e8000000-7f52e8021000 rw-p 00000000 00:00 0 
7f52e8021000-7f52ec000000 ---p 00000000 00:00 0 
7f52ec000000-7f52ec021000 rw-p 00000000 00:00 0 
7f52ec021000-7f52f0000000 ---p 00000000 00:00 0 
7f52f4000000-7f52f4021000 rw-p 00000000 00:00 0 
7f52f4021000-7f52f8000000 ---p 00000000 00:00 0 
7f52f8efd000-7f52f9161000 rw-p 00000000 00:00 0 
7f52f9161000-7f52f9257000 r--s 017b0000 08:06 1450296                    /opt/android-sdk-linux/platforms/android-21/android.jar
7f52f9257000-7f52fb809000 rw-p 00000000 00:00 0 
7f52fb809000-7f52fb80a000 ---p 00000000 00:00 0 
7f52fb80a000-7f52fb90a000 rw-p 00000000 00:00 0                          [stack:30258]
7f52fb90a000-7f52fb90b000 ---p 00000000 00:00 0 
7f52fb90b000-7f52fba0b000 rw-p 00000000 00:00 0                          [stack:30257]
7f52fba0b000-7f52fba0c000 ---p 00000000 00:00 0 
7f52fba0c000-7f52fbb0c000 rw-p 00000000 00:00 0                          [stack:30256]
7f52fbb0c000-7f52fbb0d000 ---p 00000000 00:00 0 
7f52fbb0d000-7f52fbc21000 rw-p 00000000 00:00 0                          [stack:30255]
7f52fbc21000-7f52fbd47000 rw-p 00000000 00:00 0 
7f52fbd47000-7f52fbd52000 rw-p 00000000 00:00 0 
7f52fbd52000-7f52fbd9a000 rw-p 00000000 00:00 0 
7f52fbd9a000-7f52fbdae000 rw-p 00000000 00:00 0 
7f52fbdae000-7f52fbed3000 rw-p 00000000 00:00 0 
7f52fbed3000-7f52fbede000 rw-p 00000000 00:00 0 
7f52fbede000-7f52fbf70000 rw-p 00000000 00:00 0 
7f52fbf70000-7f52fbf71000 rw-p 00000000 00:00 0 
7f52fbf71000-7f52fc1e1000 rwxp 00000000 00:00 0 
7f52fc1e1000-7f52fef71000 rw-p 00000000 00:00 0 
7f52fef71000-7f52fef79000 r-xp 00000000 08:06 3677303                    /usr/lib/jvm/java-7-openjdk-amd64/jre/lib/amd64/libzip.so
7f52fef79000-7f52ff178000 ---p 00008000 08:06 3677303                    /usr/lib/jvm/java-7-openjdk-amd64/jre/lib/amd64/libzip.so
7f52ff178000-7f52ff179000 r--p 00007000 08:06 3677303                    /usr/lib/jvm/java-7-openjdk-amd64/jre/lib/amd64/libzip.so
7f52ff179000-7f52ff17a000 rw-p 00008000 08:06 3677303                    /usr/lib/jvm/java-7-openjdk-amd64/jre/lib/amd64/libzip.so
7f52ff17a000-7f52ff185000 r-xp 00000000 08:06 4733622                    /lib/x86_64-linux-gnu/libnss_files-2.19.so
7f52ff185000-7f52ff384000 ---p 0000b000 08:06 4733622                    /lib/x86_64-linux-gnu/libnss_files-2.19.so
7f52ff384000-7f52ff385000 r--p 0000a000 08:06 4733622                    /lib/x86_64-linux-gnu/libnss_files-2.19.so
7f52ff385000-7f52ff386000 rw-p 0000b000 08:06 4733622                    /lib/x86_64-linux-gnu/libnss_files-2.19.so
7f52ff386000-7f52ff391000 r-xp 00000000 08:06 4733624                    /lib/x86_64-linux-gnu/libnss_nis-2.19.so
7f52ff391000-7f52ff590000 ---p 0000b000 08:06 4733624                    /lib/x86_64-linux-gnu/libnss_nis-2.19.so
7f52ff590000-7f52ff591000 r--p 0000a000 08:06 4733624                    /lib/x86_64-linux-gnu/libnss_nis-2.19.so
7f52ff591000-7f52ff592000 rw-p 0000b000 08:06 4733624                    /lib/x86_64-linux-gnu/libnss_nis-2.19.so
7f52ff592000-7f52ff5a9000 r-xp 00000000 08:06 4728372                    /lib/x86_64-linux-gnu/libnsl-2.19.so
7f52ff5a9000-7f52ff7a8000 ---p 00017000 08:06 4728372                    /lib/x86_64-linux-gnu/libnsl-2.19.so
7f52ff7a8000-7f52ff7a9000 r--p 00016000 08:06 4728372                    /lib/x86_64-linux-gnu/libnsl-2.19.so
7f52ff7a9000-7f52ff7aa000 rw-p 00017000 08:06 4728372                    /lib/x86_64-linux-gnu/libnsl-2.19.so
7f52ff7aa000-7f52ff7ac000 rw-p 00000000 00:00 0 
7f52ff7ac000-7f52ff7b5000 r-xp 00000000 08:06 4733592                    /lib/x86_64-linux-gnu/libnss_compat-2.19.so
7f52ff7b5000-7f52ff9b4000 ---p 00009000 08:06 4733592                    /lib/x86_64-linux-gnu/libnss_compat-2.19.so
7f52ff9b4000-7f52ff9b5000 r--p 00008000 08:06 4733592                    /lib/x86_64-linux-gnu/libnss_compat-2.19.so
7f52ff9b5000-7f52ff9b6000 rw-p 00009000 08:06 4733592                    /lib/x86_64-linux-gnu/libnss_compat-2.19.so
7f52ff9b6000-7f52ff9e3000 r-xp 00000000 08:06 3677313                    /usr/lib/jvm/java-7-openjdk-amd64/jre/lib/amd64/libjava.so
7f52ff9e3000-7f52ffbe2000 ---p 0002d000 08:06 3677313                    /usr/lib/jvm/java-7-openjdk-amd64/jre/lib/amd64/libjava.so
7f52ffbe2000-7f52ffbe3000 r--p 0002c000 08:06 3677313                    /usr/lib/jvm/java-7-openjdk-amd64/jre/lib/amd64/libjava.so
7f52ffbe3000-7f52ffbe5000 rw-p 0002d000 08:06 3677313                    /usr/lib/jvm/java-7-openjdk-amd64/jre/lib/amd64/libjava.so
7f52ffbe5000-7f52ffbf6000 r-xp 00000000 08:06 3677317                    /usr/lib/jvm/java-7-openjdk-amd64/jre/lib/amd64/libverify.so
7f52ffbf6000-7f52ffdf5000 ---p 00011000 08:06 3677317                    /usr/lib/jvm/java-7-openjdk-amd64/jre/lib/amd64/libverify.so
7f52ffdf5000-7f52ffdf7000 r--p 00010000 08:06 3677317                    /usr/lib/jvm/java-7-openjdk-amd64/jre/lib/amd64/libverify.so
7f52ffdf7000-7f52ffdf8000 rw-p 00012000 08:06 3677317                    /usr/lib/jvm/java-7-openjdk-amd64/jre/lib/amd64/libverify.so
7f52ffdf8000-7f52ffdff000 r-xp 00000000 08:06 4733625                    /lib/x86_64-linux-gnu/librt-2.19.so
7f52ffdff000-7f52ffffe000 ---p 00007000 08:06 4733625                    /lib/x86_64-linux-gnu/librt-2.19.so
7f52ffffe000-7f52fffff000 r--p 00006000 08:06 4733625                    /lib/x86_64-linux-gnu/librt-2.19.so
7f52fffff000-7f5300000000 rw-p 00007000 08:06 4733625                    /lib/x86_64-linux-gnu/librt-2.19.so
7f5300000000-7f5300056000 rw-p 00000000 00:00 0 
7f5300056000-7f5304000000 ---p 00000000 00:00 0 
7f530400e000-7f5304019000 rw-p 00000000 00:00 0 
7f5304019000-7f5304061000 rw-p 00000000 00:00 0 
7f5304061000-7f5304077000 r-xp 00000000 08:06 4728251                    /lib/x86_64-linux-gnu/libgcc_s.so.1
7f5304077000-7f5304276000 ---p 00016000 08:06 4728251                    /lib/x86_64-linux-gnu/libgcc_s.so.1
7f5304276000-7f5304277000 r--p 00015000 08:06 4728251                    /lib/x86_64-linux-gnu/libgcc_s.so.1
7f5304277000-7f5304278000 rw-p 00016000 08:06 4728251                    /lib/x86_64-linux-gnu/libgcc_s.so.1
7f5304278000-7f530437d000 r-xp 00000000 08:06 4722739                    /lib/x86_64-linux-gnu/libm-2.19.so
7f530437d000-7f530457c000 ---p 00105000 08:06 4722739                    /lib/x86_64-linux-gnu/libm-2.19.so
7f530457c000-7f530457d000 r--p 00104000 08:06 4722739                    /lib/x86_64-linux-gnu/libm-2.19.so
7f530457d000-7f530457e000 rw-p 00105000 08:06 4722739                    /lib/x86_64-linux-gnu/libm-2.19.so
7f530457e000-7f530466e000 r-xp 00000000 08:06 3410225                    /usr/lib/x86_64-linux-gnu/libstdc++.so.6.0.20
7f530466e000-7f530486e000 ---p 000f0000 08:06 3410225                    /usr/lib/x86_64-linux-gnu/libstdc++.so.6.0.20
7f530486e000-7f5304876000 r--p 000f0000 08:06 3410225                    /usr/lib/x86_64-linux-gnu/libstdc++.so.6.0.20
7f5304876000-7f5304878000 rw-p 000f8000 08:06 3410225                    /usr/lib/x86_64-linux-gnu/libstdc++.so.6.0.20
7f5304878000-7f530488d000 rw-p 00000000 00:00 0 
7f530488d000-7f53053dd000 r-xp 00000000 08:06 3677327                    /usr/lib/jvm/java-7-openjdk-amd64/jre/lib/amd64/server/libjvm.so
7f53053dd000-7f53055dc000 ---p 00b50000 08:06 3677327                    /usr/lib/jvm/java-7-openjdk-amd64/jre/lib/amd64/server/libjvm.so
7f53055dc000-7f530567b000 r--p 00b4f000 08:06 3677327                    /usr/lib/jvm/java-7-openjdk-amd64/jre/lib/amd64/server/libjvm.so
7f530567b000-7f530569e000 rw-p 00bee000 08:06 3677327                    /usr/lib/jvm/java-7-openjdk-amd64/jre/lib/amd64/server/libjvm.so
7f530569e000-7f53056cb000 rw-p 00000000 00:00 0 
7f53056cb000-7f53056e3000 r-xp 00000000 08:06 4722782                    /lib/x86_64-linux-gnu/libz.so.1.2.8
7f53056e3000-7f53058e2000 ---p 00018000 08:06 4722782                    /lib/x86_64-linux-gnu/libz.so.1.2.8
7f53058e2000-7f53058e3000 r--p 00017000 08:06 4722782                    /lib/x86_64-linux-gnu/libz.so.1.2.8
7f53058e3000-7f53058e4000 rw-p 00018000 08:06 4722782                    /lib/x86_64-linux-gnu/libz.so.1.2.8
7f53058e4000-7f53058fd000 r-xp 00000000 08:06 4733612                    /lib/x86_64-linux-gnu/libpthread-2.19.so
7f53058fd000-7f5305afc000 ---p 00019000 08:06 4733612                    /lib/x86_64-linux-gnu/libpthread-2.19.so
7f5305afc000-7f5305afd000 r--p 00018000 08:06 4733612                    /lib/x86_64-linux-gnu/libpthread-2.19.so
7f5305afd000-7f5305afe000 rw-p 00019000 08:06 4733612                    /lib/x86_64-linux-gnu/libpthread-2.19.so
7f5305afe000-7f5305b02000 rw-p 00000000 00:00 0 
7f5305b02000-7f5305b05000 r-xp 00000000 08:06 4733611                    /lib/x86_64-linux-gnu/libdl-2.19.so
7f5305b05000-7f5305d04000 ---p 00003000 08:06 4733611                    /lib/x86_64-linux-gnu/libdl-2.19.so
7f5305d04000-7f5305d05000 r--p 00002000 08:06 4733611                    /lib/x86_64-linux-gnu/libdl-2.19.so
7f5305d05000-7f5305d06000 rw-p 00003000 08:06 4733611                    /lib/x86_64-linux-gnu/libdl-2.19.so
7f5305d06000-7f5305ec0000 r-xp 00000000 08:06 4733623                    /lib/x86_64-linux-gnu/libc-2.19.so
7f5305ec0000-7f53060bf000 ---p 001ba000 08:06 4733623                    /lib/x86_64-linux-gnu/libc-2.19.so
7f53060bf000-7f53060c3000 r--p 001b9000 08:06 4733623                    /lib/x86_64-linux-gnu/libc-2.19.so
7f53060c3000-7f53060c5000 rw-p 001bd000 08:06 4733623                    /lib/x86_64-linux-gnu/libc-2.19.so
7f53060c5000-7f53060ca000 rw-p 00000000 00:00 0 
7f53060ca000-7f53060d7000 r-xp 00000000 08:06 3677321                    /usr/lib/jvm/java-7-openjdk-amd64/jre/lib/amd64/jli/libjli.so
7f53060d7000-7f53062d6000 ---p 0000d000 08:06 3677321                    /usr/lib/jvm/java-7-openjdk-amd64/jre/lib/amd64/jli/libjli.so
7f53062d6000-7f53062d7000 r--p 0000c000 08:06 3677321                    /usr/lib/jvm/java-7-openjdk-amd64/jre/lib/amd64/jli/libjli.so
7f53062d7000-7f53062d8000 rw-p 0000d000 08:06 3677321                    /usr/lib/jvm/java-7-openjdk-amd64/jre/lib/amd64/jli/libjli.so
7f53062d8000-7f53062fb000 r-xp 00000000 08:06 4733618                    /lib/x86_64-linux-gnu/ld-2.19.so
7f5306309000-7f5306313000 rw-p 00000000 00:00 0 
7f5306313000-7f53063c9000 rw-p 00000000 00:00 0 
7f53063c9000-7f53063cc000 ---p 00000000 00:00 0 
7f53063cc000-7f53064cf000 rw-p 00000000 00:00 0                          [stack:30254]
7f53064d6000-7f53064ee000 rw-p 00000000 00:00 0 
7f53064ee000-7f53064f6000 rw-s 00000000 08:06 3688847                    /tmp/hsperfdata_rohit/30248
7f53064f6000-7f53064f7000 rw-p 00000000 00:00 0 
7f53064f7000-7f53064f8000 r--p 00000000 00:00 0 
7f53064f8000-7f53064fa000 rw-p 00000000 00:00 0 
7f53064fa000-7f53064fb000 r--p 00022000 08:06 4733618                    /lib/x86_64-linux-gnu/ld-2.19.so
7f53064fb000-7f53064fc000 rw-p 00023000 08:06 4733618                    /lib/x86_64-linux-gnu/ld-2.19.so
7f53064fc000-7f53064fd000 rw-p 00000000 00:00 0 
7fff75b08000-7fff75b29000 rw-p 00000000 00:00 0                          [stack]
7fff75b75000-7fff75b77000 r-xp 00000000 00:00 0                          [vdso]
7fff75b77000-7fff75b79000 r--p 00000000 00:00 0                          [vvar]
ffffffffff600000-ffffffffff601000 r-xp 00000000 00:00 0                  [vsyscall]

VM Arguments:
jvm_args: -Dfile.encoding=UTF-8 -Xbootclasspath:/opt/android-sdk-linux/platforms/android-21/android.jar 
java_command: com.uttara.gtmanager.Test
Launcher Type: SUN_STANDARD

Environment Variables:
PATH=/home/rohit/bin:/usr/local/sbin:/usr/local/bin:/usr/sbin:/usr/bin:/sbin:/bin:/usr/games:/usr/local/games:/home/Downloads/adt-bundle-linux-x86/sdk/tools:/home/Downloads/adt-bundle-linux-x86/sdk/platform-tools:/opt/android-sdk-linux/tools:/opt/android-sdk-linux/platform-tools
SHELL=/bin/bash
DISPLAY=:0

Signal Handlers:
SIGSEGV: [libjvm.so+0x983740], sa_mask[0]=0x7ffbfeff, sa_flags=0x10000004
SIGBUS: [libjvm.so+0x983740], sa_mask[0]=0x7ffbfeff, sa_flags=0x10000004
SIGFPE: [libjvm.so+0x7f0180], sa_mask[0]=0x7ffbfeff, sa_flags=0x10000004
SIGPIPE: [libjvm.so+0x7f0180], sa_mask[0]=0x7ffbfeff, sa_flags=0x10000004
SIGXFSZ: [libjvm.so+0x7f0180], sa_mask[0]=0x7ffbfeff, sa_flags=0x10000004
SIGILL: [libjvm.so+0x7f0180], sa_mask[0]=0x7ffbfeff, sa_flags=0x10000004
SIGUSR1: SIG_DFL, sa_mask[0]=0x00000000, sa_flags=0x00000000
SIGUSR2: [libjvm.so+0x7f0000], sa_mask[0]=0x00000004, sa_flags=0x10000004
SIGHUP: SIG_DFL, sa_mask[0]=0x00000000, sa_flags=0x00000000
SIGINT: SIG_IGN, sa_mask[0]=0x00000000, sa_flags=0x00000000
SIGTERM: SIG_DFL, sa_mask[0]=0x00000000, sa_flags=0x00000000
SIGQUIT: SIG_DFL, sa_mask[0]=0x00000000, sa_flags=0x00000000
SIGTRAP: SIG_DFL, sa_mask[0]=0x00000000, sa_flags=0x00000000


---------------  S Y S T E M  ---------------

OS:Ubuntu 14.04 (trusty)
uname:Linux 3.16.0-38-generic #52-Ubuntu SMP Thu May 7 10:51:21 UTC 2015 x86_64
libc:glibc 2.19 NPTL 2.19 
rlimit: STACK 8192k, CORE 0k, NPROC 14923, NOFILE 4096, AS infinity
load average:1.74 2.05 2.05

/proc/meminfo:
MemTotal:        3842604 kB
MemFree:          102972 kB
MemAvailable:     431100 kB
Buffers:            4456 kB
Cached:           567716 kB
SwapCached:       171800 kB
Active:          2135084 kB
Inactive:        1356184 kB
Active(anon):    1903780 kB
Inactive(anon):  1135636 kB
Active(file):     231304 kB
Inactive(file):   220548 kB
Unevictable:          32 kB
Mlocked:              32 kB
SwapTotal:       3986428 kB
SwapFree:        1782612 kB
Dirty:               220 kB
Writeback:             0 kB
AnonPages:       2859224 kB
Mapped:            91056 kB
Shmem:            119860 kB
Slab:             135396 kB
SReclaimable:      90404 kB
SUnreclaim:        44992 kB
KernelStack:       12240 kB
PageTables:        52324 kB
NFS_Unstable:          0 kB
Bounce:                0 kB
WritebackTmp:          0 kB
CommitLimit:     5907728 kB
Committed_AS:    9282540 kB
VmallocTotal:   34359738367 kB
VmallocUsed:      550416 kB
VmallocChunk:   34359167264 kB
HardwareCorrupted:     0 kB
AnonHugePages:    602112 kB
HugePages_Total:       0
HugePages_Free:        0
HugePages_Rsvd:        0
HugePages_Surp:        0
Hugepagesize:       2048 kB
DirectMap4k:       59656 kB
DirectMap2M:     3928064 kB


CPU:total 4 (2 cores per cpu, 2 threads per core) family 6 model 37 stepping 2, cmov, cx8, fxsr, mmx, sse, sse2, sse3, ssse3, sse4.1, sse4.2, popcnt, ht, tsc, tscinvbit

/proc/cpuinfo:
processor	: 0
vendor_id	: GenuineIntel
cpu family	: 6
model		: 37
model name	: Intel(R) Core(TM) i5 CPU       M 520  @ 2.40GHz
stepping	: 2
microcode	: 0x9
cpu MHz		: 1199.000
cache size	: 3072 KB
physical id	: 0
siblings	: 4
core id		: 0
cpu cores	: 2
apicid		: 0
initial apicid	: 0
fpu		: yes
fpu_exception	: yes
cpuid level	: 11
wp		: yes
flags		: fpu vme de pse tsc msr pae mce cx8 apic sep mtrr pge mca cmov pat pse36 clflush dts acpi mmx fxsr sse sse2 ss ht tm pbe syscall nx rdtscp lm constant_tsc arch_perfmon pebs bts rep_good nopl xtopology nonstop_tsc aperfmperf pni dtes64 monitor ds_cpl vmx smx est tm2 ssse3 cx16 xtpr pdcm sse4_1 sse4_2 popcnt lahf_lm ida arat dtherm tpr_shadow vnmi flexpriority ept vpid
bogomips	: 4788.64
clflush size	: 64
cache_alignment	: 64
address sizes	: 36 bits physical, 48 bits virtual
power management:

processor	: 1
vendor_id	: GenuineIntel
cpu family	: 6
model		: 37
model name	: Intel(R) Core(TM) i5 CPU       M 520  @ 2.40GHz
stepping	: 2
microcode	: 0x9
cpu MHz		: 1199.000
cache size	: 3072 KB
physical id	: 0
siblings	: 4
core id		: 0
cpu cores	: 2
apicid		: 1
initial apicid	: 1
fpu		: yes
fpu_exception	: yes
cpuid level	: 11
wp		: yes
flags		: fpu vme de pse tsc msr pae mce cx8 apic sep mtrr pge mca cmov pat pse36 clflush dts acpi mmx fxsr sse sse2 ss ht tm pbe syscall nx rdtscp lm constant_tsc arch_perfmon pebs bts rep_good nopl xtopology nonstop_tsc aperfmperf pni dtes64 monitor ds_cpl vmx smx est tm2 ssse3 cx16 xtpr pdcm sse4_1 sse4_2 popcnt lahf_lm ida arat dtherm tpr_shadow vnmi flexpriority ept vpid
bogomips	: 4788.64
clflush size	: 64
cache_alignment	: 64
address sizes	: 36 bits physical, 48 bits virtual
power management:

processor	: 2
vendor_id	: GenuineIntel
cpu family	: 6
model		: 37
model name	: Intel(R) Core(TM) i5 CPU       M 520  @ 2.40GHz
stepping	: 2
microcode	: 0x9
cpu MHz		: 1199.000
cache size	: 3072 KB
physical id	: 0
siblings	: 4
core id		: 2
cpu cores	: 2
apicid		: 4
initial apicid	: 4
fpu		: yes
fpu_exception	: yes
cpuid level	: 11
wp		: yes
flags		: fpu vme de pse tsc msr pae mce cx8 apic sep mtrr pge mca cmov pat pse36 clflush dts acpi mmx fxsr sse sse2 ss ht tm pbe syscall nx rdtscp lm constant_tsc arch_perfmon pebs bts rep_good nopl xtopology nonstop_tsc aperfmperf pni dtes64 monitor ds_cpl vmx smx est tm2 ssse3 cx16 xtpr pdcm sse4_1 sse4_2 popcnt lahf_lm ida arat dtherm tpr_shadow vnmi flexpriority ept vpid
bogomips	: 4788.64
clflush size	: 64
cache_alignment	: 64
address sizes	: 36 bits physical, 48 bits virtual
power management:

processor	: 3
vendor_id	: GenuineIntel
cpu family	: 6
model		: 37
model name	: Intel(R) Core(TM) i5 CPU       M 520  @ 2.40GHz
stepping	: 2
microcode	: 0x9
cpu MHz		: 2400.000
cache size	: 3072 KB
physical id	: 0
siblings	: 4
core id		: 2
cpu cores	: 2
apicid		: 5
initial apicid	: 5
fpu		: yes
fpu_exception	: yes
cpuid level	: 11
wp		: yes
flags		: fpu vme de pse tsc msr pae mce cx8 apic sep mtrr pge mca cmov pat pse36 clflush dts acpi mmx fxsr sse sse2 ss ht tm pbe syscall nx rdtscp lm constant_tsc arch_perfmon pebs bts rep_good nopl xtopology nonstop_tsc aperfmperf pni dtes64 monitor ds_cpl vmx smx est tm2 ssse3 cx16 xtpr pdcm sse4_1 sse4_2 popcnt lahf_lm ida arat dtherm tpr_shadow vnmi flexpriority ept vpid
bogomips	: 4788.64
clflush size	: 64
cache_alignment	: 64
address sizes	: 36 bits physical, 48 bits virtual
power management:



Memory: 4k page, physical 3842604k(102972k free), swap 3986428k(1782612k free)

vm_info: OpenJDK 64-Bit Server VM (24.79-b02) for linux-amd64 JRE (1.7.0_79-b14), built on Apr 16 2015 08:25:58 by "buildd" with gcc 4.9.1

time: Fri May 29 16:54:10 2015
elapsed time: 0 seconds

