#
# A fatal error has been detected by the Java Runtime Environment:
#
#  Internal Error (javaClasses.cpp:139), pid=16166, tid=140355029010176
#  fatal error: Invalid layout of preloaded class
#
# JRE version:  (7.0_75-b13) (build )
# Java VM: OpenJDK 64-Bit Server VM (24.75-b04 mixed mode linux-amd64 compressed oops)
# Derivative: IcedTea 2.5.4
# Distribution: Ubuntu 14.04 LTS, package 7u75-2.5.4-1~trusty1
# Failed to write core dump. Core dumps have been disabled. To enable core dumping, try "ulimit -c unlimited" before starting Java again
#
# If you would like to submit a bug report, please include
# instructions on how to reproduce the bug and visit:
#   http://icedtea.classpath.org/bugzilla
#

---------------  T H R E A D  ---------------

Current thread (0x00007fa6ec00a000):  JavaThread "Unknown thread" [_thread_in_vm, id=16171, stack(0x00007fa6f3958000,0x00007fa6f3a59000)]

Stack: [0x00007fa6f3958000,0x00007fa6f3a59000],  sp=0x00007fa6f3a57900,  free space=1022k
Native frames: (J=compiled Java code, j=interpreted, Vv=VM code, C=native code)
V  [libjvm.so+0x94a9d5]  VMError::report_and_die()+0x175
V  [libjvm.so+0x48b8c4]  report_fatal(char const*, int, char const*)+0x54
V  [libjvm.so+0x5e8c60]  compute_offset(int&, klassOopDesc*, Symbol*, Symbol*, bool) [clone .constprop.120]+0xc0
V  [libjvm.so+0x5e8d36]  java_lang_String::compute_offsets()+0x36
V  [libjvm.so+0x8cf47c]  SystemDictionary::initialize_preloaded_classes(Thread*)+0xcc
V  [libjvm.so+0x91ad28]  Universe::genesis(Thread*)+0x468
V  [libjvm.so+0x91b334]  universe2_init()+0x24
V  [libjvm.so+0x59d21a]  init_globals()+0x9a
V  [libjvm.so+0x8fe15f]  Threads::create_vm(JavaVMInitArgs*, bool*)+0x35f
V  [libjvm.so+0x608554]  JNI_CreateJavaVM+0x54
C  [libjli.so+0x2b48]


---------------  P R O C E S S  ---------------

Java Threads: ( => current thread )

Other Threads:

=>0x00007fa6ec00a000 (exited) JavaThread "Unknown thread" [_thread_in_vm, id=16171, stack(0x00007fa6f3958000,0x00007fa6f3a59000)]

VM state:not at safepoint (not fully initialized)

VM Mutex/Monitor currently owned by a thread: None

GC Heap History (0 events):
No events

Deoptimization events (0 events):
No events

Internal exceptions (0 events):
No events

Events (10 events):
Event: 0.012 loading class 0x00007fa6f0065710 done
Event: 0.013 loading class 0x00007fa6f0065110 done
Event: 0.013 loading class 0x00007fa6f00650f0
Event: 0.013 loading class 0x00007fa6f006d1e0
Event: 0.013 loading class 0x00007fa6f006d1e0 done
Event: 0.013 loading class 0x00007fa6f006d210
Event: 0.013 loading class 0x00007fa6f006d210 done
Event: 0.013 loading class 0x00007fa6f006d240
Event: 0.013 loading class 0x00007fa6f006d240 done
Event: 0.013 loading class 0x00007fa6f00650f0 done


Dynamic libraries:
00400000-00401000 r-xp 00000000 08:06 3672631                            /usr/lib/jvm/java-7-openjdk-amd64/jre/bin/java
00600000-00601000 r--p 00000000 08:06 3672631                            /usr/lib/jvm/java-7-openjdk-amd64/jre/bin/java
00601000-00602000 rw-p 00001000 08:06 3672631                            /usr/lib/jvm/java-7-openjdk-amd64/jre/bin/java
024a1000-024c2000 rw-p 00000000 00:00 0                                  [heap]
bae00000-bc300000 rw-p 00000000 00:00 0 
bc300000-c5400000 rw-p 00000000 00:00 0 
c5400000-c7b00000 rw-p 00000000 00:00 0 
c7b00000-ec680000 rw-p 00000000 00:00 0 
ec680000-eda80000 rw-p 00000000 00:00 0 
eda80000-100000000 rw-p 00000000 00:00 0 
7fa6d0000000-7fa6d0021000 rw-p 00000000 00:00 0 
7fa6d0021000-7fa6d4000000 ---p 00000000 00:00 0 
7fa6d4000000-7fa6d4021000 rw-p 00000000 00:00 0 
7fa6d4021000-7fa6d8000000 ---p 00000000 00:00 0 
7fa6d8000000-7fa6d8021000 rw-p 00000000 00:00 0 
7fa6d8021000-7fa6dc000000 ---p 00000000 00:00 0 
7fa6e0000000-7fa6e0021000 rw-p 00000000 00:00 0 
7fa6e0021000-7fa6e4000000 ---p 00000000 00:00 0 
7fa6e649e000-7fa6e66d8000 rw-p 00000000 00:00 0 
7fa6e66d8000-7fa6e67ce000 r--s 017aa000 08:06 659996                     /opt/android-sdk-linux/platforms/android-21/android.jar
7fa6e67ce000-7fa6e8cfd000 rw-p 00000000 00:00 0 
7fa6e8cfd000-7fa6e8cfe000 ---p 00000000 00:00 0 
7fa6e8cfe000-7fa6e8dfe000 rw-p 00000000 00:00 0                          [stack:16175]
7fa6e8dfe000-7fa6e8dff000 ---p 00000000 00:00 0 
7fa6e8dff000-7fa6e8eff000 rw-p 00000000 00:00 0                          [stack:16174]
7fa6e8eff000-7fa6e8f00000 ---p 00000000 00:00 0 
7fa6e8f00000-7fa6e9000000 rw-p 00000000 00:00 0                          [stack:16173]
7fa6e9000000-7fa6e9270000 rwxp 00000000 00:00 0 
7fa6e9270000-7fa6ec056000 rw-p 00000000 00:00 0 
7fa6ec056000-7fa6f0000000 ---p 00000000 00:00 0 
7fa6f003a000-7fa6f00e8000 rw-p 00000000 00:00 0 
7fa6f00e8000-7fa6f00e9000 ---p 00000000 00:00 0 
7fa6f00e9000-7fa6f01f4000 rw-p 00000000 00:00 0                          [stack:16172]
7fa6f01f4000-7fa6f023c000 rw-p 00000000 00:00 0 
7fa6f023c000-7fa6f0250000 rw-p 00000000 00:00 0 
7fa6f0250000-7fa6f0376000 rw-p 00000000 00:00 0 
7fa6f0376000-7fa6f0381000 rw-p 00000000 00:00 0 
7fa6f0381000-7fa6f03c9000 rw-p 00000000 00:00 0 
7fa6f03c9000-7fa6f03dd000 rw-p 00000000 00:00 0 
7fa6f03dd000-7fa6f0502000 rw-p 00000000 00:00 0 
7fa6f0502000-7fa6f050d000 rw-p 00000000 00:00 0 
7fa6f050d000-7fa6f059f000 rw-p 00000000 00:00 0 
7fa6f059f000-7fa6f05a0000 rw-p 00000000 00:00 0 
7fa6f05a0000-7fa6f05a8000 r-xp 00000000 08:06 3672628                    /usr/lib/jvm/java-7-openjdk-amd64/jre/lib/amd64/libzip.so
7fa6f05a8000-7fa6f07a7000 ---p 00008000 08:06 3672628                    /usr/lib/jvm/java-7-openjdk-amd64/jre/lib/amd64/libzip.so
7fa6f07a7000-7fa6f07a8000 r--p 00007000 08:06 3672628                    /usr/lib/jvm/java-7-openjdk-amd64/jre/lib/amd64/libzip.so
7fa6f07a8000-7fa6f07a9000 rw-p 00008000 08:06 3672628                    /usr/lib/jvm/java-7-openjdk-amd64/jre/lib/amd64/libzip.so
7fa6f07a9000-7fa6f07b4000 r-xp 00000000 08:06 4728242                    /lib/x86_64-linux-gnu/libnss_files-2.19.so
7fa6f07b4000-7fa6f09b3000 ---p 0000b000 08:06 4728242                    /lib/x86_64-linux-gnu/libnss_files-2.19.so
7fa6f09b3000-7fa6f09b4000 r--p 0000a000 08:06 4728242                    /lib/x86_64-linux-gnu/libnss_files-2.19.so
7fa6f09b4000-7fa6f09b5000 rw-p 0000b000 08:06 4728242                    /lib/x86_64-linux-gnu/libnss_files-2.19.so
7fa6f09b5000-7fa6f09c0000 r-xp 00000000 08:06 4728285                    /lib/x86_64-linux-gnu/libnss_nis-2.19.so
7fa6f09c0000-7fa6f0bbf000 ---p 0000b000 08:06 4728285                    /lib/x86_64-linux-gnu/libnss_nis-2.19.so
7fa6f0bbf000-7fa6f0bc0000 r--p 0000a000 08:06 4728285                    /lib/x86_64-linux-gnu/libnss_nis-2.19.so
7fa6f0bc0000-7fa6f0bc1000 rw-p 0000b000 08:06 4728285                    /lib/x86_64-linux-gnu/libnss_nis-2.19.so
7fa6f0bc1000-7fa6f0bd8000 r-xp 00000000 08:06 4728263                    /lib/x86_64-linux-gnu/libnsl-2.19.so
7fa6f0bd8000-7fa6f0dd7000 ---p 00017000 08:06 4728263                    /lib/x86_64-linux-gnu/libnsl-2.19.so
7fa6f0dd7000-7fa6f0dd8000 r--p 00016000 08:06 4728263                    /lib/x86_64-linux-gnu/libnsl-2.19.so
7fa6f0dd8000-7fa6f0dd9000 rw-p 00017000 08:06 4728263                    /lib/x86_64-linux-gnu/libnsl-2.19.so
7fa6f0dd9000-7fa6f0ddb000 rw-p 00000000 00:00 0 
7fa6f0ddb000-7fa6f0de4000 r-xp 00000000 08:06 4728261                    /lib/x86_64-linux-gnu/libnss_compat-2.19.so
7fa6f0de4000-7fa6f0fe3000 ---p 00009000 08:06 4728261                    /lib/x86_64-linux-gnu/libnss_compat-2.19.so
7fa6f0fe3000-7fa6f0fe4000 r--p 00008000 08:06 4728261                    /lib/x86_64-linux-gnu/libnss_compat-2.19.so
7fa6f0fe4000-7fa6f0fe5000 rw-p 00009000 08:06 4728261                    /lib/x86_64-linux-gnu/libnss_compat-2.19.so
7fa6f0fe5000-7fa6f1010000 r-xp 00000000 08:06 3672613                    /usr/lib/jvm/java-7-openjdk-amd64/jre/lib/amd64/libjava.so
7fa6f1010000-7fa6f1210000 ---p 0002b000 08:06 3672613                    /usr/lib/jvm/java-7-openjdk-amd64/jre/lib/amd64/libjava.so
7fa6f1210000-7fa6f1211000 r--p 0002b000 08:06 3672613                    /usr/lib/jvm/java-7-openjdk-amd64/jre/lib/amd64/libjava.so
7fa6f1211000-7fa6f1213000 rw-p 0002c000 08:06 3672613                    /usr/lib/jvm/java-7-openjdk-amd64/jre/lib/amd64/libjava.so
7fa6f1213000-7fa6f1223000 r-xp 00000000 08:06 3672612                    /usr/lib/jvm/java-7-openjdk-amd64/jre/lib/amd64/libverify.so
7fa6f1223000-7fa6f1422000 ---p 00010000 08:06 3672612                    /usr/lib/jvm/java-7-openjdk-amd64/jre/lib/amd64/libverify.so
7fa6f1422000-7fa6f1424000 r--p 0000f000 08:06 3672612                    /usr/lib/jvm/java-7-openjdk-amd64/jre/lib/amd64/libverify.so
7fa6f1424000-7fa6f1425000 rw-p 00011000 08:06 3672612                    /usr/lib/jvm/java-7-openjdk-amd64/jre/lib/amd64/libverify.so
7fa6f1425000-7fa6f142c000 r-xp 00000000 08:06 4728279                    /lib/x86_64-linux-gnu/librt-2.19.so
7fa6f142c000-7fa6f162b000 ---p 00007000 08:06 4728279                    /lib/x86_64-linux-gnu/librt-2.19.so
7fa6f162b000-7fa6f162c000 r--p 00006000 08:06 4728279                    /lib/x86_64-linux-gnu/librt-2.19.so
7fa6f162c000-7fa6f162d000 rw-p 00007000 08:06 4728279                    /lib/x86_64-linux-gnu/librt-2.19.so
7fa6f162d000-7fa6f1643000 r-xp 00000000 08:06 4722596                    /lib/x86_64-linux-gnu/libgcc_s.so.1
7fa6f1643000-7fa6f1842000 ---p 00016000 08:06 4722596                    /lib/x86_64-linux-gnu/libgcc_s.so.1
7fa6f1842000-7fa6f1843000 rw-p 00015000 08:06 4722596                    /lib/x86_64-linux-gnu/libgcc_s.so.1
7fa6f1843000-7fa6f1948000 r-xp 00000000 08:06 4728240                    /lib/x86_64-linux-gnu/libm-2.19.so
7fa6f1948000-7fa6f1b47000 ---p 00105000 08:06 4728240                    /lib/x86_64-linux-gnu/libm-2.19.so
7fa6f1b47000-7fa6f1b48000 r--p 00104000 08:06 4728240                    /lib/x86_64-linux-gnu/libm-2.19.so
7fa6f1b48000-7fa6f1b49000 rw-p 00105000 08:06 4728240                    /lib/x86_64-linux-gnu/libm-2.19.so
7fa6f1b49000-7fa6f1c2f000 r-xp 00000000 08:06 3417005                    /usr/lib/x86_64-linux-gnu/libstdc++.so.6.0.19
7fa6f1c2f000-7fa6f1e2e000 ---p 000e6000 08:06 3417005                    /usr/lib/x86_64-linux-gnu/libstdc++.so.6.0.19
7fa6f1e2e000-7fa6f1e36000 r--p 000e5000 08:06 3417005                    /usr/lib/x86_64-linux-gnu/libstdc++.so.6.0.19
7fa6f1e36000-7fa6f1e38000 rw-p 000ed000 08:06 3417005                    /usr/lib/x86_64-linux-gnu/libstdc++.so.6.0.19
7fa6f1e38000-7fa6f1e4d000 rw-p 00000000 00:00 0 
7fa6f1e4d000-7fa6f2965000 r-xp 00000000 08:06 3672617                    /usr/lib/jvm/java-7-openjdk-amd64/jre/lib/amd64/server/libjvm.so
7fa6f2965000-7fa6f2b65000 ---p 00b18000 08:06 3672617                    /usr/lib/jvm/java-7-openjdk-amd64/jre/lib/amd64/server/libjvm.so
7fa6f2b65000-7fa6f2bff000 r--p 00b18000 08:06 3672617                    /usr/lib/jvm/java-7-openjdk-amd64/jre/lib/amd64/server/libjvm.so
7fa6f2bff000-7fa6f2c22000 rw-p 00bb2000 08:06 3672617                    /usr/lib/jvm/java-7-openjdk-amd64/jre/lib/amd64/server/libjvm.so
7fa6f2c22000-7fa6f2c50000 rw-p 00000000 00:00 0 
7fa6f2c50000-7fa6f2c68000 r-xp 00000000 08:06 4722782                    /lib/x86_64-linux-gnu/libz.so.1.2.8
7fa6f2c68000-7fa6f2e67000 ---p 00018000 08:06 4722782                    /lib/x86_64-linux-gnu/libz.so.1.2.8
7fa6f2e67000-7fa6f2e68000 r--p 00017000 08:06 4722782                    /lib/x86_64-linux-gnu/libz.so.1.2.8
7fa6f2e68000-7fa6f2e69000 rw-p 00018000 08:06 4722782                    /lib/x86_64-linux-gnu/libz.so.1.2.8
7fa6f2e69000-7fa6f2e82000 r-xp 00000000 08:06 4728275                    /lib/x86_64-linux-gnu/libpthread-2.19.so
7fa6f2e82000-7fa6f3081000 ---p 00019000 08:06 4728275                    /lib/x86_64-linux-gnu/libpthread-2.19.so
7fa6f3081000-7fa6f3082000 r--p 00018000 08:06 4728275                    /lib/x86_64-linux-gnu/libpthread-2.19.so
7fa6f3082000-7fa6f3083000 rw-p 00019000 08:06 4728275                    /lib/x86_64-linux-gnu/libpthread-2.19.so
7fa6f3083000-7fa6f3087000 rw-p 00000000 00:00 0 
7fa6f3087000-7fa6f308a000 r-xp 00000000 08:06 4728249                    /lib/x86_64-linux-gnu/libdl-2.19.so
7fa6f308a000-7fa6f3289000 ---p 00003000 08:06 4728249                    /lib/x86_64-linux-gnu/libdl-2.19.so
7fa6f3289000-7fa6f328a000 r--p 00002000 08:06 4728249                    /lib/x86_64-linux-gnu/libdl-2.19.so
7fa6f328a000-7fa6f328b000 rw-p 00003000 08:06 4728249                    /lib/x86_64-linux-gnu/libdl-2.19.so
7fa6f328b000-7fa6f3446000 r-xp 00000000 08:06 4728273                    /lib/x86_64-linux-gnu/libc-2.19.so
7fa6f3446000-7fa6f3645000 ---p 001bb000 08:06 4728273                    /lib/x86_64-linux-gnu/libc-2.19.so
7fa6f3645000-7fa6f3649000 r--p 001ba000 08:06 4728273                    /lib/x86_64-linux-gnu/libc-2.19.so
7fa6f3649000-7fa6f364b000 rw-p 001be000 08:06 4728273                    /lib/x86_64-linux-gnu/libc-2.19.so
7fa6f364b000-7fa6f3650000 rw-p 00000000 00:00 0 
7fa6f3650000-7fa6f365d000 r-xp 00000000 08:06 3672596                    /usr/lib/jvm/java-7-openjdk-amd64/jre/lib/amd64/jli/libjli.so
7fa6f365d000-7fa6f385c000 ---p 0000d000 08:06 3672596                    /usr/lib/jvm/java-7-openjdk-amd64/jre/lib/amd64/jli/libjli.so
7fa6f385c000-7fa6f385d000 r--p 0000c000 08:06 3672596                    /usr/lib/jvm/java-7-openjdk-amd64/jre/lib/amd64/jli/libjli.so
7fa6f385d000-7fa6f385e000 rw-p 0000d000 08:06 3672596                    /usr/lib/jvm/java-7-openjdk-amd64/jre/lib/amd64/jli/libjli.so
7fa6f385e000-7fa6f3881000 r-xp 00000000 08:06 4728267                    /lib/x86_64-linux-gnu/ld-2.19.so
7fa6f3896000-7fa6f38a2000 rw-p 00000000 00:00 0 
7fa6f38a2000-7fa6f3958000 rw-p 00000000 00:00 0 
7fa6f3958000-7fa6f395b000 ---p 00000000 00:00 0 
7fa6f395b000-7fa6f3a74000 rw-p 00000000 00:00 0                          [stack:16171]
7fa6f3a74000-7fa6f3a7c000 rw-s 00000000 08:06 3276915                    /tmp/hsperfdata_rohit/16166
7fa6f3a7c000-7fa6f3a7d000 rw-p 00000000 00:00 0 
7fa6f3a7d000-7fa6f3a7e000 r--p 00000000 00:00 0 
7fa6f3a7e000-7fa6f3a80000 rw-p 00000000 00:00 0 
7fa6f3a80000-7fa6f3a81000 r--p 00022000 08:06 4728267                    /lib/x86_64-linux-gnu/ld-2.19.so
7fa6f3a81000-7fa6f3a82000 rw-p 00023000 08:06 4728267                    /lib/x86_64-linux-gnu/ld-2.19.so
7fa6f3a82000-7fa6f3a83000 rw-p 00000000 00:00 0 
7fffb6b1c000-7fffb6b3d000 rw-p 00000000 00:00 0                          [stack]
7fffb6b9c000-7fffb6b9e000 r-xp 00000000 00:00 0                          [vdso]
ffffffffff600000-ffffffffff601000 r-xp 00000000 00:00 0                  [vsyscall]

VM Arguments:
jvm_args: -Dfile.encoding=UTF-8 -Xbootclasspath:/opt/android-sdk-linux/platforms/android-21/android.jar 
java_command: com.uttara.gtmanager.Test
Launcher Type: SUN_STANDARD

Environment Variables:
PATH=/home/rohit/bin:/usr/local/sbin:/usr/local/bin:/usr/sbin:/usr/bin:/sbin:/bin:/usr/games:/usr/local/games:/home/Downloads/adt-bundle-linux-x86/sdk/tools:/home/Downloads/adt-bundle-linux-x86/sdk/platform-tools:/opt/android-sdk-linux/tools:/opt/android-sdk-linux/platform-tools
SHELL=/bin/bash
DISPLAY=:0

Signal Handlers:
SIGSEGV: [libjvm.so+0x94b4b0], sa_mask[0]=0x7ffbfeff, sa_flags=0x10000004
SIGBUS: [libjvm.so+0x94b4b0], sa_mask[0]=0x7ffbfeff, sa_flags=0x10000004
SIGFPE: [libjvm.so+0x7c3390], sa_mask[0]=0x7ffbfeff, sa_flags=0x10000004
SIGPIPE: [libjvm.so+0x7c3390], sa_mask[0]=0x7ffbfeff, sa_flags=0x10000004
SIGXFSZ: [libjvm.so+0x7c3390], sa_mask[0]=0x7ffbfeff, sa_flags=0x10000004
SIGILL: [libjvm.so+0x7c3390], sa_mask[0]=0x7ffbfeff, sa_flags=0x10000004
SIGUSR1: SIG_DFL, sa_mask[0]=0x00000000, sa_flags=0x00000000
SIGUSR2: [libjvm.so+0x7c3230], sa_mask[0]=0x00000004, sa_flags=0x10000004
SIGHUP: SIG_DFL, sa_mask[0]=0x00000000, sa_flags=0x00000000
SIGINT: SIG_IGN, sa_mask[0]=0x00000000, sa_flags=0x00000000
SIGTERM: SIG_DFL, sa_mask[0]=0x00000000, sa_flags=0x00000000
SIGQUIT: SIG_DFL, sa_mask[0]=0x00000000, sa_flags=0x00000000
SIGTRAP: SIG_DFL, sa_mask[0]=0x00000000, sa_flags=0x00000000


---------------  S Y S T E M  ---------------

OS:Ubuntu 14.04 (trusty)
uname:Linux 3.13.0-48-generic #80-Ubuntu SMP Thu Mar 12 11:16:15 UTC 2015 x86_64
libc:glibc 2.19 NPTL 2.19 
rlimit: STACK 8192k, CORE 0k, NPROC 29855, NOFILE 4096, AS infinity
load average:0.48 0.34 0.33

/proc/meminfo:
MemTotal:        3843092 kB
MemFree:          136784 kB
Buffers:           39688 kB
Cached:           862768 kB
SwapCached:       283816 kB
Active:          2381116 kB
Inactive:        1130936 kB
Active(anon):    2072012 kB
Inactive(anon):   809132 kB
Active(file):     309104 kB
Inactive(file):   321804 kB
Unevictable:          32 kB
Mlocked:              32 kB
SwapTotal:       3986428 kB
SwapFree:        3056332 kB
Dirty:               236 kB
Writeback:             0 kB
AnonPages:       2529896 kB
Mapped:           158212 kB
Shmem:            271544 kB
Slab:              96320 kB
SReclaimable:      60504 kB
SUnreclaim:        35816 kB
KernelStack:        5128 kB
PageTables:        43308 kB
NFS_Unstable:          0 kB
Bounce:                0 kB
WritebackTmp:          0 kB
CommitLimit:     5907972 kB
Committed_AS:    7370548 kB
VmallocTotal:   34359738367 kB
VmallocUsed:      550188 kB
VmallocChunk:   34359180252 kB
HardwareCorrupted:     0 kB
AnonHugePages:    860160 kB
HugePages_Total:       0
HugePages_Free:        0
HugePages_Rsvd:        0
HugePages_Surp:        0
Hugepagesize:       2048 kB
DirectMap4k:       94472 kB
DirectMap2M:     3893248 kB


CPU:total 4 (2 cores per cpu, 2 threads per core) family 6 model 37 stepping 2, cmov, cx8, fxsr, mmx, sse, sse2, sse3, ssse3, sse4.1, sse4.2, popcnt, ht, tsc, tscinvbit

/proc/cpuinfo:
processor	: 0
vendor_id	: GenuineIntel
cpu family	: 6
model		: 37
model name	: Intel(R) Core(TM) i5 CPU       M 520  @ 2.40GHz
stepping	: 2
microcode	: 0x9
cpu MHz		: 2400.000
cache size	: 3072 KB
physical id	: 0
siblings	: 4
core id		: 0
cpu cores	: 2
apicid		: 0
initial apicid	: 0
fpu		: yes
fpu_exception	: yes
cpuid level	: 11
wp		: yes
flags		: fpu vme de pse tsc msr pae mce cx8 apic sep mtrr pge mca cmov pat pse36 clflush dts acpi mmx fxsr sse sse2 ss ht tm pbe syscall nx rdtscp lm constant_tsc arch_perfmon pebs bts rep_good nopl xtopology nonstop_tsc aperfmperf pni dtes64 monitor ds_cpl vmx smx est tm2 ssse3 cx16 xtpr pdcm sse4_1 sse4_2 popcnt lahf_lm ida arat dtherm tpr_shadow vnmi flexpriority ept vpid
bogomips	: 4789.07
clflush size	: 64
cache_alignment	: 64
address sizes	: 36 bits physical, 48 bits virtual
power management:

processor	: 1
vendor_id	: GenuineIntel
cpu family	: 6
model		: 37
model name	: Intel(R) Core(TM) i5 CPU       M 520  @ 2.40GHz
stepping	: 2
microcode	: 0x9
cpu MHz		: 2133.000
cache size	: 3072 KB
physical id	: 0
siblings	: 4
core id		: 0
cpu cores	: 2
apicid		: 1
initial apicid	: 1
fpu		: yes
fpu_exception	: yes
cpuid level	: 11
wp		: yes
flags		: fpu vme de pse tsc msr pae mce cx8 apic sep mtrr pge mca cmov pat pse36 clflush dts acpi mmx fxsr sse sse2 ss ht tm pbe syscall nx rdtscp lm constant_tsc arch_perfmon pebs bts rep_good nopl xtopology nonstop_tsc aperfmperf pni dtes64 monitor ds_cpl vmx smx est tm2 ssse3 cx16 xtpr pdcm sse4_1 sse4_2 popcnt lahf_lm ida arat dtherm tpr_shadow vnmi flexpriority ept vpid
bogomips	: 4789.07
clflush size	: 64
cache_alignment	: 64
address sizes	: 36 bits physical, 48 bits virtual
power management:

processor	: 2
vendor_id	: GenuineIntel
cpu family	: 6
model		: 37
model name	: Intel(R) Core(TM) i5 CPU       M 520  @ 2.40GHz
stepping	: 2
microcode	: 0x9
cpu MHz		: 2400.000
cache size	: 3072 KB
physical id	: 0
siblings	: 4
core id		: 2
cpu cores	: 2
apicid		: 4
initial apicid	: 4
fpu		: yes
fpu_exception	: yes
cpuid level	: 11
wp		: yes
flags		: fpu vme de pse tsc msr pae mce cx8 apic sep mtrr pge mca cmov pat pse36 clflush dts acpi mmx fxsr sse sse2 ss ht tm pbe syscall nx rdtscp lm constant_tsc arch_perfmon pebs bts rep_good nopl xtopology nonstop_tsc aperfmperf pni dtes64 monitor ds_cpl vmx smx est tm2 ssse3 cx16 xtpr pdcm sse4_1 sse4_2 popcnt lahf_lm ida arat dtherm tpr_shadow vnmi flexpriority ept vpid
bogomips	: 4789.07
clflush size	: 64
cache_alignment	: 64
address sizes	: 36 bits physical, 48 bits virtual
power management:

processor	: 3
vendor_id	: GenuineIntel
cpu family	: 6
model		: 37
model name	: Intel(R) Core(TM) i5 CPU       M 520  @ 2.40GHz
stepping	: 2
microcode	: 0x9
cpu MHz		: 2400.000
cache size	: 3072 KB
physical id	: 0
siblings	: 4
core id		: 2
cpu cores	: 2
apicid		: 5
initial apicid	: 5
fpu		: yes
fpu_exception	: yes
cpuid level	: 11
wp		: yes
flags		: fpu vme de pse tsc msr pae mce cx8 apic sep mtrr pge mca cmov pat pse36 clflush dts acpi mmx fxsr sse sse2 ss ht tm pbe syscall nx rdtscp lm constant_tsc arch_perfmon pebs bts rep_good nopl xtopology nonstop_tsc aperfmperf pni dtes64 monitor ds_cpl vmx smx est tm2 ssse3 cx16 xtpr pdcm sse4_1 sse4_2 popcnt lahf_lm ida arat dtherm tpr_shadow vnmi flexpriority ept vpid
bogomips	: 4789.07
clflush size	: 64
cache_alignment	: 64
address sizes	: 36 bits physical, 48 bits virtual
power management:



Memory: 4k page, physical 3843092k(136784k free), swap 3986428k(3056332k free)

vm_info: OpenJDK 64-Bit Server VM (24.75-b04) for linux-amd64 JRE (1.7.0_75-b13), built on Jan 27 2015 00:38:59 by "buildd" with gcc 4.8.2

time: Mon Mar 23 13:42:13 2015
elapsed time: 0 seconds

